     1 00000000                                 [FORMAT "WCOFF"]
     2 00000000                                 [INSTRSET "i486p"]
     3 00000000                                 [OPTIMIZE 1]
     4 00000000                                 [OPTION 1]
     5 00000000                                 [BITS 32]
     6 00000000                                 	EXTERN	_io_in16
     7 00000000                                 	EXTERN	_io_out8
     8 00000000                                 	EXTERN	_io_out16
     9 00000000                                 [FILE "acpi.c"]
    10                                          [SECTION .text]
    11 00000000                                 	GLOBAL	_checksum
    12 00000000                                 _checksum:
    13 00000000 55                              	PUSH	EBP
    14 00000001 31 C0                           	XOR	EAX,EAX
    15 00000003 89 E5                           	MOV	EBP,ESP
    16 00000005 31 D2                           	XOR	EDX,EDX
    17 00000007 53                              	PUSH	EBX
    18 00000008 8B 4D 0C                        	MOV	ECX,DWORD [12+EBP]
    19 0000000B 8B 5D 08                        	MOV	EBX,DWORD [8+EBP]
    20 0000000E 39 C8                           	CMP	EAX,ECX
    21 00000010 73 08                           	JAE	L8
    22 00000012                                 L6:
    23 00000012 02 14 18                        	ADD	DL,BYTE [EAX+EBX*1]
    24 00000015 40                              	INC	EAX
    25 00000016 39 C8                           	CMP	EAX,ECX
    26 00000018 72 F8                           	JB	L6
    27 0000001A                                 L8:
    28 0000001A 5B                              	POP	EBX
    29 0000001B 31 C0                           	XOR	EAX,EAX
    30 0000001D 5D                              	POP	EBP
    31 0000001E 84 D2                           	TEST	DL,DL
    32 00000020 0F 94 C0                        	SETE	AL
    33 00000023 C3                              	RET
    34                                          [SECTION .data]
    35 00000000                                 LC0:
    36 00000000 52 53 44 20 50 54 52 20 00      	DB	"RSD PTR ",0x00
    37                                          [SECTION .text]
    38 00000024                                 	GLOBAL	_acpi_find_rsdp
    39 00000024                                 _acpi_find_rsdp:
    40 00000024 55                              	PUSH	EBP
    41 00000025 89 E5                           	MOV	EBP,ESP
    42 00000027 57                              	PUSH	EDI
    43 00000028 56                              	PUSH	ESI
    44 00000029 53                              	PUSH	EBX
    45 0000002A BB 000E0000                     	MOV	EBX,917504
    46 0000002F                                 L16:
    47 0000002F FC                              	CLD
    48 00000030 89 DE                           	MOV	ESI,EBX
    49 00000032 BF [00000000]                   	MOV	EDI,LC0
    50 00000037 B9 00000008                     	MOV	ECX,8
    51 0000003C F3                              	REPE
    52 0000003D A6                              	CMPSB
    53 0000003E 74 17                           	JE	L19
    54 00000040                                 L12:
    55 00000040 83 C3 04                        	ADD	EBX,4
    56 00000043 81 FB 000FFFFF                  	CMP	EBX,1048575
    57 00000049 76 E4                           	JBE	L16
    58 0000004B 31 D2                           	XOR	EDX,EDX
    59 0000004D                                 L9:
    60 0000004D 8D 65 F4                        	LEA	ESP,DWORD [-12+EBP]
    61 00000050 89 D0                           	MOV	EAX,EDX
    62 00000052 5B                              	POP	EBX
    63 00000053 5E                              	POP	ESI
    64 00000054 5F                              	POP	EDI
    65 00000055 5D                              	POP	EBP
    66 00000056 C3                              	RET
    67 00000057                                 L19:
    68 00000057 FF 73 14                        	PUSH	DWORD [20+EBX]
    69 0000005A 53                              	PUSH	EBX
    70 0000005B E8 FFFFFFA0                     	CALL	_checksum
    71 00000060 5A                              	POP	EDX
    72 00000061 59                              	POP	ECX
    73 00000062 84 C0                           	TEST	AL,AL
    74 00000064 89 DA                           	MOV	EDX,EBX
    75 00000066 74 D8                           	JE	L12
    76 00000068 EB E3                           	JMP	L9
    77 0000006A                                 	GLOBAL	_acpi_find_table
    78 0000006A                                 _acpi_find_table:
    79 0000006A 55                              	PUSH	EBP
    80 0000006B 89 E5                           	MOV	EBP,ESP
    81 0000006D 57                              	PUSH	EDI
    82 0000006E 56                              	PUSH	ESI
    83 0000006F 53                              	PUSH	EBX
    84 00000070 83 EC 10                        	SUB	ESP,16
    85 00000073 A1 [0000001C]                   	MOV	EAX,DWORD [_RSDT]
    86 00000078 C7 45 F0 00000000               	MOV	DWORD [-16+EBP],0
    87 0000007F 8B 58 04                        	MOV	EBX,DWORD [4+EAX]
    88 00000082 89 45 EC                        	MOV	DWORD [-20+EBP],EAX
    89 00000085 83 EB 24                        	SUB	EBX,36
    90 00000088 C1 EB 02                        	SHR	EBX,2
    91 0000008B 39 5D F0                        	CMP	DWORD [-16+EBP],EBX
    92 0000008E 7D 3B                           	JGE	L28
    93 00000090 C7 45 E8 00000000               	MOV	DWORD [-24+EBP],0
    94 00000097                                 L26:
    95 00000097 8B 55 EC                        	MOV	EDX,DWORD [-20+EBP]
    96 0000009A 8B 4D E8                        	MOV	ECX,DWORD [-24+EBP]
    97 0000009D B8 00000004                     	MOV	EAX,4
    98 000000A2 8B 7D 08                        	MOV	EDI,DWORD [8+EBP]
    99 000000A5 03 4A 24                        	ADD	ECX,DWORD [36+EDX]
   100 000000A8 FC                              	CLD
   101 000000A9 89 4D E4                        	MOV	DWORD [-28+EBP],ECX
   102 000000AC 89 CE                           	MOV	ESI,ECX
   103 000000AE 89 C1                           	MOV	ECX,EAX
   104 000000B0 F3                              	REPE
   105 000000B1 A6                              	CMPSB
   106 000000B2 0F 97 C2                        	SETA	DL
   107 000000B5 0F 92 C0                        	SETB	AL
   108 000000B8 8B 4D E4                        	MOV	ECX,DWORD [-28+EBP]
   109 000000BB 38 C2                           	CMP	DL,AL
   110 000000BD 74 0E                           	JE	L20
   111 000000BF FF 45 F0                        	INC	DWORD [-16+EBP]
   112 000000C2 83 45 E8 04                     	ADD	DWORD [-24+EBP],4
   113 000000C6 39 5D F0                        	CMP	DWORD [-16+EBP],EBX
   114 000000C9 7C CC                           	JL	L26
   115 000000CB                                 L28:
   116 000000CB 31 C9                           	XOR	ECX,ECX
   117 000000CD                                 L20:
   118 000000CD 83 C4 10                        	ADD	ESP,16
   119 000000D0 89 C8                           	MOV	EAX,ECX
   120 000000D2 5B                              	POP	EBX
   121 000000D3 5E                              	POP	ESI
   122 000000D4 5F                              	POP	EDI
   123 000000D5 5D                              	POP	EBP
   124 000000D6 C3                              	RET
   125                                          [SECTION .data]
   126 00000009                                 LC1:
   127 00000009 46 41 43 50 00                  	DB	"FACP",0x00
   128                                          [SECTION .text]
   129 000000D7                                 	GLOBAL	_init_acpi
   130 000000D7                                 _init_acpi:
   131 000000D7 55                              	PUSH	EBP
   132 000000D8 89 E5                           	MOV	EBP,ESP
   133 000000DA 53                              	PUSH	EBX
   134 000000DB E8 FFFFFF44                     	CALL	_acpi_find_rsdp
   135 000000E0 A3 [00000018]                   	MOV	DWORD [_RSDP],EAX
   136 000000E5 85 C0                           	TEST	EAX,EAX
   137 000000E7 75 05                           	JNE	L64
   138 000000E9                                 L29:
   139 000000E9 8B 5D FC                        	MOV	EBX,DWORD [-4+EBP]
   140 000000EC C9                              	LEAVE
   141 000000ED C3                              	RET
   142 000000EE                                 L64:
   143 000000EE 8B 40 10                        	MOV	EAX,DWORD [16+EAX]
   144 000000F1 A3 [0000001C]                   	MOV	DWORD [_RSDT],EAX
   145 000000F6 FF 70 04                        	PUSH	DWORD [4+EAX]
   146 000000F9 50                              	PUSH	EAX
   147 000000FA E8 FFFFFF01                     	CALL	_checksum
   148 000000FF 5B                              	POP	EBX
   149 00000100 5A                              	POP	EDX
   150 00000101 84 C0                           	TEST	AL,AL
   151 00000103 74 E4                           	JE	L29
   152 00000105 68 [00000009]                   	PUSH	LC1
   153 0000010A E8 FFFFFF5B                     	CALL	_acpi_find_table
   154 0000010F A3 [00000020]                   	MOV	DWORD [_FADT],EAX
   155 00000114 FF 70 04                        	PUSH	DWORD [4+EAX]
   156 00000117 50                              	PUSH	EAX
   157 00000118 E8 FFFFFEE3                     	CALL	_checksum
   158 0000011D 83 C4 0C                        	ADD	ESP,12
   159 00000120 84 C0                           	TEST	AL,AL
   160 00000122 74 C5                           	JE	L29
   161 00000124 A1 [00000020]                   	MOV	EAX,DWORD [_FADT]
   162 00000129 FF 70 40                        	PUSH	DWORD [64+EAX]
   163 0000012C E8 [00000000]                   	CALL	_io_in16
   164 00000131 59                              	POP	ECX
   165 00000132 83 E0 01                        	AND	EAX,1
   166 00000135 75 B2                           	JNE	L29
   167 00000137 8B 15 [00000020]                	MOV	EDX,DWORD [_FADT]
   168 0000013D 83 7A 30 00                     	CMP	DWORD [48+EDX],0
   169 00000141 74 A6                           	JE	L29
   170 00000143 8A 42 34                        	MOV	AL,BYTE [52+EDX]
   171 00000146 84 C0                           	TEST	AL,AL
   172 00000148 74 9F                           	JE	L29
   173 0000014A 0F B6 C0                        	MOVZX	EAX,AL
   174 0000014D 50                              	PUSH	EAX
   175 0000014E 31 DB                           	XOR	EBX,EBX
   176 00000150 FF 72 30                        	PUSH	DWORD [48+EDX]
   177 00000153 E8 [00000000]                   	CALL	_io_out8
   178 00000158 58                              	POP	EAX
   179 00000159 5A                              	POP	EDX
   180 0000015A                                 L45:
   181 0000015A A1 [00000020]                   	MOV	EAX,DWORD [_FADT]
   182 0000015F FF 70 40                        	PUSH	DWORD [64+EAX]
   183 00000162 E8 [00000000]                   	CALL	_io_in16
   184 00000167 59                              	POP	ECX
   185 00000168 83 E0 01                        	AND	EAX,1
   186 0000016B 75 11                           	JNE	L36
   187 0000016D B8 000F423F                     	MOV	EAX,999999
   188 00000172                                 L44:
   189 00000172 48                              	DEC	EAX
   190 00000173 79 FD                           	JNS	L44
   191 00000175 43                              	INC	EBX
   192 00000176 81 FB 0000012B                  	CMP	EBX,299
   193 0000017C 7E DC                           	JLE	L45
   194 0000017E                                 L36:
   195 0000017E A1 [00000020]                   	MOV	EAX,DWORD [_FADT]
   196 00000183 83 78 44 00                     	CMP	DWORD [68+EAX],0
   197 00000187 0F 84 FFFFFF5C                  	JE	L29
   198 0000018D 81 FB 0000012B                  	CMP	EBX,299
   199 00000193 0F 8F FFFFFF50                  	JG	L29
   200 00000199                                 L57:
   201 00000199 A1 [00000020]                   	MOV	EAX,DWORD [_FADT]
   202 0000019E FF 70 44                        	PUSH	DWORD [68+EAX]
   203 000001A1 E8 [00000000]                   	CALL	_io_in16
   204 000001A6 5A                              	POP	EDX
   205 000001A7 83 E0 01                        	AND	EAX,1
   206 000001AA 0F 85 FFFFFF39                  	JNE	L29
   207 000001B0 B8 000F423F                     	MOV	EAX,999999
   208 000001B5                                 L56:
   209 000001B5 48                              	DEC	EAX
   210 000001B6 79 FD                           	JNS	L56
   211 000001B8 43                              	INC	EBX
   212 000001B9 81 FB 0000012B                  	CMP	EBX,299
   213 000001BF 7E D8                           	JLE	L57
   214 000001C1 E9 FFFFFF23                     	JMP	L29
   215                                          [SECTION .data]
   216 0000000E                                 LC2:
   217 0000000E 44 53 44 54 00                  	DB	"DSDT",0x00
   218 00000013                                 LC3:
   219 00000013 5F 53 35 5F 00                  	DB	"_S5_",0x00
   220                                          [SECTION .text]
   221 000001C6                                 	GLOBAL	_acpi_shutdown
   222 000001C6                                 _acpi_shutdown:
   223 000001C6 55                              	PUSH	EBP
   224 000001C7 89 E5                           	MOV	EBP,ESP
   225 000001C9 57                              	PUSH	EDI
   226 000001CA 56                              	PUSH	ESI
   227 000001CB 53                              	PUSH	EBX
   228 000001CC 83 EC 0C                        	SUB	ESP,12
   229 000001CF 68 [0000000E]                   	PUSH	LC2
   230 000001D4 E8 FFFFFE91                     	CALL	_acpi_find_table
   231 000001D9 C7 45 EC 00000000               	MOV	DWORD [-20+EBP],0
   232 000001E0 8B 58 04                        	MOV	EBX,DWORD [4+EAX]
   233 000001E3 89 45 E8                        	MOV	DWORD [-24+EBP],EAX
   234 000001E6 83 EB 24                        	SUB	EBX,36
   235 000001E9 58                              	POP	EAX
   236 000001EA C1 EB 02                        	SHR	EBX,2
   237 000001ED 39 5D EC                        	CMP	DWORD [-20+EBP],EBX
   238 000001F0 7D 21                           	JGE	L72
   239 000001F2                                 L71:
   240 000001F2 BA [00000013]                   	MOV	EDX,LC3
   241 000001F7 B8 00000004                     	MOV	EAX,4
   242 000001FC FC                              	CLD
   243 000001FD 8B 75 E8                        	MOV	ESI,DWORD [-24+EBP]
   244 00000200 89 D7                           	MOV	EDI,EDX
   245 00000202 89 C1                           	MOV	ECX,EAX
   246 00000204 F3                              	REPE
   247 00000205 A6                              	CMPSB
   248 00000206 74 18                           	JE	L67
   249 00000208 FF 45 EC                        	INC	DWORD [-20+EBP]
   250 0000020B FF 45 E8                        	INC	DWORD [-24+EBP]
   251 0000020E 39 5D EC                        	CMP	DWORD [-20+EBP],EBX
   252 00000211 7C DF                           	JL	L71
   253 00000213                                 L72:
   254 00000213 8D 65 F4                        	LEA	ESP,DWORD [-12+EBP]
   255 00000216 B8 00000001                     	MOV	EAX,1
   256 0000021B 5B                              	POP	EBX
   257 0000021C 5E                              	POP	ESI
   258 0000021D 5F                              	POP	EDI
   259 0000021E 5D                              	POP	EBP
   260 0000021F C3                              	RET
   261 00000220                                 L67:
   262 00000220 39 5D EC                        	CMP	DWORD [-20+EBP],EBX
   263 00000223 7D EE                           	JGE	L72
   264 00000225 8B 55 E8                        	MOV	EDX,DWORD [-24+EBP]
   265 00000228 8A 42 FF                        	MOV	AL,BYTE [-1+EDX]
   266 0000022B 3C 08                           	CMP	AL,8
   267 0000022D 74 47                           	JE	L74
   268 0000022F 80 7A FE 08                     	CMP	BYTE [-2+EDX],8
   269 00000233 74 3D                           	JE	L79
   270 00000235                                 L73:
   271 00000235 66 81 4D F2 2000                	OR	WORD [-14+EBP],8192
   272 0000023B 0F B7 45 F2                     	MOVZX	EAX,WORD [-14+EBP]
   273 0000023F 50                              	PUSH	EAX
   274 00000240 A1 [00000020]                   	MOV	EAX,DWORD [_FADT]
   275 00000245 FF 70 40                        	PUSH	DWORD [64+EAX]
   276 00000248 E8 [00000000]                   	CALL	_io_out16
   277 0000024D 5E                              	POP	ESI
   278 0000024E 8B 15 [00000020]                	MOV	EDX,DWORD [_FADT]
   279 00000254 5F                              	POP	EDI
   280 00000255 83 7A 44 00                     	CMP	DWORD [68+EDX],0
   281 00000259 74 B8                           	JE	L72
   282 0000025B 66 81 4D F0 2000                	OR	WORD [-16+EBP],8192
   283 00000261 0F B7 45 F0                     	MOVZX	EAX,WORD [-16+EBP]
   284 00000265 50                              	PUSH	EAX
   285 00000266 FF 72 44                        	PUSH	DWORD [68+EDX]
   286 00000269 E8 [00000000]                   	CALL	_io_out16
   287 0000026E 59                              	POP	ECX
   288 0000026F 5B                              	POP	EBX
   289 00000270 EB A1                           	JMP	L72
   290 00000272                                 L79:
   291 00000272 3C 5C                           	CMP	AL,92
   292 00000274 75 BF                           	JNE	L73
   293 00000276                                 L74:
   294 00000276 8B 4D E8                        	MOV	ECX,DWORD [-24+EBP]
   295 00000279 80 79 04 12                     	CMP	BYTE [4+ECX],18
   296 0000027D 75 B6                           	JNE	L73
   297 0000027F 83 C1 05                        	ADD	ECX,5
   298 00000282 0F BE 01                        	MOVSX	EAX,BYTE [ECX]
   299 00000285 25 000000C0                     	AND	EAX,192
   300 0000028A C1 F8 06                        	SAR	EAX,6
   301 0000028D 01 C8                           	ADD	EAX,ECX
   302 0000028F 8D 78 02                        	LEA	EDI,DWORD [2+EAX]
   303 00000292 89 7D E8                        	MOV	DWORD [-24+EBP],EDI
   304 00000295 80 78 02 0A                     	CMP	BYTE [2+EAX],10
   305 00000299 74 32                           	JE	L80
   306 0000029B                                 L75:
   307 0000029B 8B 45 E8                        	MOV	EAX,DWORD [-24+EBP]
   308 0000029E 66 0F BE 00                     	MOVSX	AX,BYTE [EAX]
   309 000002A2 C1 E0 0A                        	SAL	EAX,10
   310 000002A5 FF 45 E8                        	INC	DWORD [-24+EBP]
   311 000002A8 66 89 45 F2                     	MOV	WORD [-14+EBP],AX
   312 000002AC 8B 55 E8                        	MOV	EDX,DWORD [-24+EBP]
   313 000002AF 80 3A 0A                        	CMP	BYTE [EDX],10
   314 000002B2 74 13                           	JE	L81
   315 000002B4                                 L76:
   316 000002B4 8B 4D E8                        	MOV	ECX,DWORD [-24+EBP]
   317 000002B7 66 0F BE 09                     	MOVSX	CX,BYTE [ECX]
   318 000002BB C1 E1 0A                        	SAL	ECX,10
   319 000002BE 66 89 4D F0                     	MOV	WORD [-16+EBP],CX
   320 000002C2 E9 FFFFFF6E                     	JMP	L73
   321 000002C7                                 L81:
   322 000002C7 42                              	INC	EDX
   323 000002C8 89 55 E8                        	MOV	DWORD [-24+EBP],EDX
   324 000002CB EB E7                           	JMP	L76
   325 000002CD                                 L80:
   326 000002CD 83 C0 03                        	ADD	EAX,3
   327 000002D0 89 45 E8                        	MOV	DWORD [-24+EBP],EAX
   328 000002D3 EB C6                           	JMP	L75
   329 000002D5                                 	GLOBAL	_RSDP
   330                                          [SECTION .data]
   331 00000018                                 	ALIGNB	4
   332 00000018                                 _RSDP:
   333 00000018 00 00 00 00                     	RESB	4
   334 0000001C                                 	GLOBAL	_RSDT
   335                                          [SECTION .data]
   336 0000001C                                 	ALIGNB	4
   337 0000001C                                 _RSDT:
   338 0000001C 00 00 00 00                     	RESB	4
   339 00000020                                 	GLOBAL	_FADT
   340                                          [SECTION .data]
   341 00000020                                 	ALIGNB	4
   342 00000020                                 _FADT:
   343 00000020 00 00 00 00                     	RESB	4
