     1 00000000                                 [FORMAT "WCOFF"]
     2 00000000                                 [INSTRSET "i486p"]
     3 00000000                                 [OPTIMIZE 1]
     4 00000000                                 [OPTION 1]
     5 00000000                                 [BITS 32]
     6 00000000                                 	EXTERN	_init_gdtidt
     7 00000000                                 	EXTERN	_init_pic
     8 00000000                                 	EXTERN	_io_sti
     9 00000000                                 	EXTERN	_fifo32_init
    10 00000000                                 	EXTERN	_init_pit
    11 00000000                                 	EXTERN	_init_keyboard
    12 00000000                                 	EXTERN	_enable_mouse
    13 00000000                                 	EXTERN	_io_out8
    14 00000000                                 	EXTERN	_init_acpi
    15 00000000                                 	EXTERN	_memtest
    16 00000000                                 	EXTERN	_memman_init
    17 00000000                                 	EXTERN	_memman_free
    18 00000000                                 	EXTERN	_init_palette
    19 00000000                                 	EXTERN	_shtctl_init
    20 00000000                                 	EXTERN	_task_init
    21 00000000                                 	EXTERN	_task_run
    22 00000000                                 	EXTERN	_sheet_alloc
    23 00000000                                 	EXTERN	_memman_alloc_4k
    24 00000000                                 	EXTERN	_sheet_setbuf
    25 00000000                                 	EXTERN	_init_screen8
    26 00000000                                 	EXTERN	_init_mouse_cursor8
    27 00000000                                 	EXTERN	_sheet_slide
    28 00000000                                 	EXTERN	_sheet_updown
    29 00000000                                 	EXTERN	_fifo32_put
    30 00000000                                 	EXTERN	_file_readfat
    31 00000000                                 	EXTERN	_file_search
    32 00000000                                 	EXTERN	_file_loadfile
    33 00000000                                 	EXTERN	_memman_free_4k
    34 00000000                                 	EXTERN	_get_day_of_month
    35 00000000                                 	EXTERN	_get_mon_hex
    36 00000000                                 	EXTERN	_get_year
    37 00000000                                 	EXTERN	_sprintf
    38 00000000                                 	EXTERN	_putfonts8_asc_sht
    39 00000000                                 	EXTERN	_get_min_hex
    40 00000000                                 	EXTERN	_get_hour_hex
    41 00000000                                 	EXTERN	_sheet_refresh
    42 00000000                                 	EXTERN	_fifo32_status
    43 00000000                                 	EXTERN	_io_cli
    44 00000000                                 	EXTERN	_fifo32_get
    45 00000000                                 	EXTERN	_sheet_free
    46 00000000                                 	EXTERN	_taskctl
    47 00000000                                 	EXTERN	_mouse_decode
    48 00000000                                 	EXTERN	_cons_putstr0
    49 00000000                                 	EXTERN	_asm_end_app
    50 00000000                                 	EXTERN	_keytable0.0
    51 00000000                                 	EXTERN	_wait_KBC_sendready
    52 00000000                                 	EXTERN	_keytable1.1
    53 00000000                                 	EXTERN	_task_sleep
    54 00000000                                 	EXTERN	_hankaku
    55 00000000                                 	EXTERN	_change_wtitle8
    56 00000000                                 	EXTERN	_task_alloc
    57 00000000                                 	EXTERN	_console_task
    58 00000000                                 	EXTERN	_make_window8
    59 00000000                                 	EXTERN	_make_textbox8
    60 00000000                                 [FILE "bootpack.c"]
    61                                          [SECTION .data]
    62 00000000                                 _keytable0.0:
    63 00000000 00                              	DB	0
    64 00000001 00                              	DB	0
    65 00000002 31                              	DB	49
    66 00000003 32                              	DB	50
    67 00000004 33                              	DB	51
    68 00000005 34                              	DB	52
    69 00000006 35                              	DB	53
    70 00000007 36                              	DB	54
    71 00000008 37                              	DB	55
    72 00000009 38                              	DB	56
    73 0000000A 39                              	DB	57
    74 0000000B 30                              	DB	48
    75 0000000C 2D                              	DB	45
    76 0000000D 5E                              	DB	94
    77 0000000E 08                              	DB	8
    78 0000000F 00                              	DB	0
    79 00000010 51                              	DB	81
    80 00000011 57                              	DB	87
    81 00000012 45                              	DB	69
    82 00000013 52                              	DB	82
    83 00000014 54                              	DB	84
    84 00000015 59                              	DB	89
    85 00000016 55                              	DB	85
    86 00000017 49                              	DB	73
    87 00000018 4F                              	DB	79
    88 00000019 50                              	DB	80
    89 0000001A 40                              	DB	64
    90 0000001B 5B                              	DB	91
    91 0000001C 0A                              	DB	10
    92 0000001D 00                              	DB	0
    93 0000001E 41                              	DB	65
    94 0000001F 53                              	DB	83
    95 00000020 44                              	DB	68
    96 00000021 46                              	DB	70
    97 00000022 47                              	DB	71
    98 00000023 48                              	DB	72
    99 00000024 4A                              	DB	74
   100 00000025 4B                              	DB	75
   101 00000026 4C                              	DB	76
   102 00000027 3B                              	DB	59
   103 00000028 3A                              	DB	58
   104 00000029 00                              	DB	0
   105 0000002A 00                              	DB	0
   106 0000002B 5D                              	DB	93
   107 0000002C 5A                              	DB	90
   108 0000002D 58                              	DB	88
   109 0000002E 43                              	DB	67
   110 0000002F 56                              	DB	86
   111 00000030 42                              	DB	66
   112 00000031 4E                              	DB	78
   113 00000032 4D                              	DB	77
   114 00000033 2C                              	DB	44
   115 00000034 2E                              	DB	46
   116 00000035 2F                              	DB	47
   117 00000036 00                              	DB	0
   118 00000037 2A                              	DB	42
   119 00000038 00                              	DB	0
   120 00000039 20                              	DB	32
   121 0000003A 00                              	DB	0
   122 0000003B 00                              	DB	0
   123 0000003C 00                              	DB	0
   124 0000003D 00                              	DB	0
   125 0000003E 00                              	DB	0
   126 0000003F 00                              	DB	0
   127 00000040 00                              	DB	0
   128 00000041 00                              	DB	0
   129 00000042 00                              	DB	0
   130 00000043 00                              	DB	0
   131 00000044 00                              	DB	0
   132 00000045 00                              	DB	0
   133 00000046 00                              	DB	0
   134 00000047 37                              	DB	55
   135 00000048 38                              	DB	56
   136 00000049 39                              	DB	57
   137 0000004A 2D                              	DB	45
   138 0000004B 34                              	DB	52
   139 0000004C 35                              	DB	53
   140 0000004D 36                              	DB	54
   141 0000004E 2B                              	DB	43
   142 0000004F 31                              	DB	49
   143 00000050 32                              	DB	50
   144 00000051 33                              	DB	51
   145 00000052 30                              	DB	48
   146 00000053 2E                              	DB	46
   147 00000054 00                              	DB	0
   148 00000055 00                              	DB	0
   149 00000056 00                              	DB	0
   150 00000057 00                              	DB	0
   151 00000058 00                              	DB	0
   152 00000059 00                              	DB	0
   153 0000005A 00                              	DB	0
   154 0000005B 00                              	DB	0
   155 0000005C 00                              	DB	0
   156 0000005D 00                              	DB	0
   157 0000005E 00                              	DB	0
   158 0000005F 00                              	DB	0
   159 00000060 00                              	DB	0
   160 00000061 00                              	DB	0
   161 00000062 00                              	DB	0
   162 00000063 00                              	DB	0
   163 00000064 00                              	DB	0
   164 00000065 00                              	DB	0
   165 00000066 00                              	DB	0
   166 00000067 00                              	DB	0
   167 00000068 00                              	DB	0
   168 00000069 00                              	DB	0
   169 0000006A 00                              	DB	0
   170 0000006B 00                              	DB	0
   171 0000006C 00                              	DB	0
   172 0000006D 00                              	DB	0
   173 0000006E 00                              	DB	0
   174 0000006F 00                              	DB	0
   175 00000070 00                              	DB	0
   176 00000071 00                              	DB	0
   177 00000072 00                              	DB	0
   178 00000073 5C                              	DB	92
   179 00000074 00                              	DB	0
   180 00000075 00                              	DB	0
   181 00000076 00                              	DB	0
   182 00000077 00                              	DB	0
   183 00000078 00                              	DB	0
   184 00000079 00                              	DB	0
   185 0000007A 00                              	DB	0
   186 0000007B 00                              	DB	0
   187 0000007C 00                              	DB	0
   188 0000007D 5C                              	DB	92
   189 0000007E 00                              	DB	0
   190 0000007F 00                              	DB	0
   191 00000080                                 _keytable1.1:
   192 00000080 00                              	DB	0
   193 00000081 00                              	DB	0
   194 00000082 21                              	DB	33
   195 00000083 22                              	DB	34
   196 00000084 23                              	DB	35
   197 00000085 24                              	DB	36
   198 00000086 25                              	DB	37
   199 00000087 26                              	DB	38
   200 00000088 27                              	DB	39
   201 00000089 28                              	DB	40
   202 0000008A 29                              	DB	41
   203 0000008B 7E                              	DB	126
   204 0000008C 3D                              	DB	61
   205 0000008D 7E                              	DB	126
   206 0000008E 08                              	DB	8
   207 0000008F 00                              	DB	0
   208 00000090 51                              	DB	81
   209 00000091 57                              	DB	87
   210 00000092 45                              	DB	69
   211 00000093 52                              	DB	82
   212 00000094 54                              	DB	84
   213 00000095 59                              	DB	89
   214 00000096 55                              	DB	85
   215 00000097 49                              	DB	73
   216 00000098 4F                              	DB	79
   217 00000099 50                              	DB	80
   218 0000009A 60                              	DB	96
   219 0000009B 7B                              	DB	123
   220 0000009C 0A                              	DB	10
   221 0000009D 00                              	DB	0
   222 0000009E 41                              	DB	65
   223 0000009F 53                              	DB	83
   224 000000A0 44                              	DB	68
   225 000000A1 46                              	DB	70
   226 000000A2 47                              	DB	71
   227 000000A3 48                              	DB	72
   228 000000A4 4A                              	DB	74
   229 000000A5 4B                              	DB	75
   230 000000A6 4C                              	DB	76
   231 000000A7 2B                              	DB	43
   232 000000A8 2A                              	DB	42
   233 000000A9 00                              	DB	0
   234 000000AA 00                              	DB	0
   235 000000AB 7D                              	DB	125
   236 000000AC 5A                              	DB	90
   237 000000AD 58                              	DB	88
   238 000000AE 43                              	DB	67
   239 000000AF 56                              	DB	86
   240 000000B0 42                              	DB	66
   241 000000B1 4E                              	DB	78
   242 000000B2 4D                              	DB	77
   243 000000B3 3C                              	DB	60
   244 000000B4 3E                              	DB	62
   245 000000B5 3F                              	DB	63
   246 000000B6 00                              	DB	0
   247 000000B7 2A                              	DB	42
   248 000000B8 00                              	DB	0
   249 000000B9 20                              	DB	32
   250 000000BA 00                              	DB	0
   251 000000BB 00                              	DB	0
   252 000000BC 00                              	DB	0
   253 000000BD 00                              	DB	0
   254 000000BE 00                              	DB	0
   255 000000BF 00                              	DB	0
   256 000000C0 00                              	DB	0
   257 000000C1 00                              	DB	0
   258 000000C2 00                              	DB	0
   259 000000C3 00                              	DB	0
   260 000000C4 00                              	DB	0
   261 000000C5 00                              	DB	0
   262 000000C6 00                              	DB	0
   263 000000C7 37                              	DB	55
   264 000000C8 38                              	DB	56
   265 000000C9 39                              	DB	57
   266 000000CA 2D                              	DB	45
   267 000000CB 34                              	DB	52
   268 000000CC 35                              	DB	53
   269 000000CD 36                              	DB	54
   270 000000CE 2B                              	DB	43
   271 000000CF 31                              	DB	49
   272 000000D0 32                              	DB	50
   273 000000D1 33                              	DB	51
   274 000000D2 30                              	DB	48
   275 000000D3 2E                              	DB	46
   276 000000D4 00                              	DB	0
   277 000000D5 00                              	DB	0
   278 000000D6 00                              	DB	0
   279 000000D7 00                              	DB	0
   280 000000D8 00                              	DB	0
   281 000000D9 00                              	DB	0
   282 000000DA 00                              	DB	0
   283 000000DB 00                              	DB	0
   284 000000DC 00                              	DB	0
   285 000000DD 00                              	DB	0
   286 000000DE 00                              	DB	0
   287 000000DF 00                              	DB	0
   288 000000E0 00                              	DB	0
   289 000000E1 00                              	DB	0
   290 000000E2 00                              	DB	0
   291 000000E3 00                              	DB	0
   292 000000E4 00                              	DB	0
   293 000000E5 00                              	DB	0
   294 000000E6 00                              	DB	0
   295 000000E7 00                              	DB	0
   296 000000E8 00                              	DB	0
   297 000000E9 00                              	DB	0
   298 000000EA 00                              	DB	0
   299 000000EB 00                              	DB	0
   300 000000EC 00                              	DB	0
   301 000000ED 00                              	DB	0
   302 000000EE 00                              	DB	0
   303 000000EF 00                              	DB	0
   304 000000F0 00                              	DB	0
   305 000000F1 00                              	DB	0
   306 000000F2 00                              	DB	0
   307 000000F3 5F                              	DB	95
   308 000000F4 00                              	DB	0
   309 000000F5 00                              	DB	0
   310 000000F6 00                              	DB	0
   311 000000F7 00                              	DB	0
   312 000000F8 00                              	DB	0
   313 000000F9 00                              	DB	0
   314 000000FA 00                              	DB	0
   315 000000FB 00                              	DB	0
   316 000000FC 00                              	DB	0
   317 000000FD 7C                              	DB	124
   318 000000FE 00                              	DB	0
   319 000000FF 00                              	DB	0
   320 00000100                                 LC0:
   321 00000100 48 5A 4B 31 36 2E 66 6E 74 00   	DB	"HZK16.fnt",0x00
   322 0000010A                                 LC1:
   323 0000010A 25 64 2F 25 64 2F 25 64 00      	DB	"%d/%d/%d",0x00
   324 00000113                                 LC2:
   325 00000113 25 64 3A 25 64 00               	DB	"%d:%d",0x00
   326 00000119                                 LC4:
   327 00000119 0A 42 72 65 61 6B 28 6D 6F 75   	DB	0x0A,"Break(mouse) :",0x0A,0x00
       00000123 73 65 29 20 3A 0A 00 
   328 0000012A                                 LC3:
   329 0000012A 0A 42 72 65 61 6B 28 6B 65 79   	DB	0x0A,"Break(key) :",0x0A,0x00
       00000134 29 20 3A 0A 00 
   330                                          [SECTION .text]
   331 00000000                                 	GLOBAL	_HariMain
   332 00000000                                 _HariMain:
   333 00000000 55                              	PUSH	EBP
   334 00000001 89 E5                           	MOV	EBP,ESP
   335 00000003 57                              	PUSH	EDI
   336 00000004 56                              	PUSH	ESI
   337 00000005 53                              	PUSH	EBX
   338 00000006 8D 75 84                        	LEA	ESI,DWORD [-124+EBP]
   339 00000009 81 EC 00000454                  	SUB	ESP,1108
   340 0000000F 8D 5D A4                        	LEA	EBX,DWORD [-92+EBP]
   341 00000012 C7 85 FFFFFBE4 FFFFFFFF         	MOV	DWORD [-1052+EBP],-1
   342 0000001C C7 85 FFFFFBE0 00000000         	MOV	DWORD [-1056+EBP],0
   343 00000026 C7 85 FFFFFBDC 7FFFFFFF         	MOV	DWORD [-1060+EBP],2147483647
   344 00000030 C7 85 FFFFFBD8 00000000         	MOV	DWORD [-1064+EBP],0
   345 0000003A C7 85 FFFFFBC4 00000000         	MOV	DWORD [-1084+EBP],0
   346 00000044 A0 00000FF1                     	MOV	AL,BYTE [4081]
   347 00000049 C0 F8 04                        	SAR	AL,4
   348 0000004C 89 C2                           	MOV	EDX,EAX
   349 0000004E 83 E2 07                        	AND	EDX,7
   350 00000051 89 95 FFFFFBC0                  	MOV	DWORD [-1088+EBP],EDX
   351 00000057 C7 85 FFFFFBBC FFFFFFFF         	MOV	DWORD [-1092+EBP],-1
   352 00000061 C7 85 FFFFFBB8 FFFFFFFF         	MOV	DWORD [-1096+EBP],-1
   353 0000006B C7 85 FFFFFBB4 FFFFFFFF         	MOV	DWORD [-1100+EBP],-1
   354 00000075 C7 85 FFFFFBB0 00000000         	MOV	DWORD [-1104+EBP],0
   355 0000007F C7 85 FFFFFBAC 00000000         	MOV	DWORD [-1108+EBP],0
   356 00000089 E8 [00000000]                   	CALL	_init_gdtidt
   357 0000008E E8 [00000000]                   	CALL	_init_pic
   358 00000093 E8 [00000000]                   	CALL	_io_sti
   359 00000098 8D 85 FFFFFD84                  	LEA	EAX,DWORD [-636+EBP]
   360 0000009E 6A 00                           	PUSH	0
   361 000000A0 50                              	PUSH	EAX
   362 000000A1 68 00000080                     	PUSH	128
   363 000000A6 53                              	PUSH	EBX
   364 000000A7 E8 [00000000]                   	CALL	_fifo32_init
   365 000000AC 89 1D 00000FEC                  	MOV	DWORD [4076],EBX
   366 000000B2 E8 [00000000]                   	CALL	_init_pit
   367 000000B7 68 00000100                     	PUSH	256
   368 000000BC 53                              	PUSH	EBX
   369 000000BD E8 [00000000]                   	CALL	_init_keyboard
   370 000000C2 8D 85 FFFFFCF4                  	LEA	EAX,DWORD [-780+EBP]
   371 000000C8 50                              	PUSH	EAX
   372 000000C9 68 00000200                     	PUSH	512
   373 000000CE 53                              	PUSH	EBX
   374 000000CF E8 [00000000]                   	CALL	_enable_mouse
   375 000000D4 83 C4 24                        	ADD	ESP,36
   376 000000D7 68 000000F8                     	PUSH	248
   377 000000DC 6A 21                           	PUSH	33
   378 000000DE E8 [00000000]                   	CALL	_io_out8
   379 000000E3 68 000000EF                     	PUSH	239
   380 000000E8 68 000000A1                     	PUSH	161
   381 000000ED E8 [00000000]                   	CALL	_io_out8
   382 000000F2 8D 85 FFFFFD04                  	LEA	EAX,DWORD [-764+EBP]
   383 000000F8 6A 00                           	PUSH	0
   384 000000FA 50                              	PUSH	EAX
   385 000000FB 6A 20                           	PUSH	32
   386 000000FD 56                              	PUSH	ESI
   387 000000FE E8 [00000000]                   	CALL	_fifo32_init
   388 00000103 83 C4 20                        	ADD	ESP,32
   389 00000106 E8 [00000000]                   	CALL	_init_acpi
   390 0000010B 68 BFFFFFFF                     	PUSH	-1073741825
   391 00000110 68 00400000                     	PUSH	4194304
   392 00000115 E8 [00000000]                   	CALL	_memtest
   393 0000011A 68 003C0000                     	PUSH	3932160
   394 0000011F 89 85 FFFFFBD4                  	MOV	DWORD [-1068+EBP],EAX
   395 00000125 E8 [00000000]                   	CALL	_memman_init
   396 0000012A 68 0009E000                     	PUSH	647168
   397 0000012F 68 00001000                     	PUSH	4096
   398 00000134 68 003C0000                     	PUSH	3932160
   399 00000139 E8 [00000000]                   	CALL	_memman_free
   400 0000013E 8B 85 FFFFFBD4                  	MOV	EAX,DWORD [-1068+EBP]
   401 00000144 2D 00400000                     	SUB	EAX,4194304
   402 00000149 50                              	PUSH	EAX
   403 0000014A 68 00400000                     	PUSH	4194304
   404 0000014F 68 003C0000                     	PUSH	3932160
   405 00000154 E8 [00000000]                   	CALL	_memman_free
   406 00000159 83 C4 24                        	ADD	ESP,36
   407 0000015C E8 [00000000]                   	CALL	_init_palette
   408 00000161 0F BF 05 00000FF6               	MOVSX	EAX,WORD [4086]
   409 00000168 50                              	PUSH	EAX
   410 00000169 0F BF 05 00000FF4               	MOVSX	EAX,WORD [4084]
   411 00000170 50                              	PUSH	EAX
   412 00000171 FF 35 00000FF8                  	PUSH	DWORD [4088]
   413 00000177 68 003C0000                     	PUSH	3932160
   414 0000017C E8 [00000000]                   	CALL	_shtctl_init
   415 00000181 68 003C0000                     	PUSH	3932160
   416 00000186 89 85 FFFFFBF0                  	MOV	DWORD [-1040+EBP],EAX
   417 0000018C E8 [00000000]                   	CALL	_task_init
   418 00000191 6A 02                           	PUSH	2
   419 00000193 6A 01                           	PUSH	1
   420 00000195 89 85 FFFFFBC8                  	MOV	DWORD [-1080+EBP],EAX
   421 0000019B 50                              	PUSH	EAX
   422 0000019C 89 45 BC                        	MOV	DWORD [-68+EBP],EAX
   423 0000019F E8 [00000000]                   	CALL	_task_run
   424 000001A4 83 C4 20                        	ADD	ESP,32
   425 000001A7 8B 95 FFFFFBC8                  	MOV	EDX,DWORD [-1080+EBP]
   426 000001AD 8B 85 FFFFFBF0                  	MOV	EAX,DWORD [-1040+EBP]
   427 000001B3 A3 00000FE4                     	MOV	DWORD [4068],EAX
   428 000001B8 C6 82 000000BC 00               	MOV	BYTE [188+EDX],0
   429 000001BF 50                              	PUSH	EAX
   430 000001C0 E8 [00000000]                   	CALL	_sheet_alloc
   431 000001C5 0F BF 15 00000FF6               	MOVSX	EDX,WORD [4086]
   432 000001CC 89 85 FFFFFBD0                  	MOV	DWORD [-1072+EBP],EAX
   433 000001D2 0F BF 05 00000FF4               	MOVSX	EAX,WORD [4084]
   434 000001D9 0F AF C2                        	IMUL	EAX,EDX
   435 000001DC 50                              	PUSH	EAX
   436 000001DD 68 003C0000                     	PUSH	3932160
   437 000001E2 E8 [00000000]                   	CALL	_memman_alloc_4k
   438 000001E7 6A FF                           	PUSH	-1
   439 000001E9 89 C3                           	MOV	EBX,EAX
   440 000001EB 0F BF 05 00000FF6               	MOVSX	EAX,WORD [4086]
   441 000001F2 50                              	PUSH	EAX
   442 000001F3 0F BF 05 00000FF4               	MOVSX	EAX,WORD [4084]
   443 000001FA 50                              	PUSH	EAX
   444 000001FB 53                              	PUSH	EBX
   445 000001FC FF B5 FFFFFBD0                  	PUSH	DWORD [-1072+EBP]
   446 00000202 E8 [00000000]                   	CALL	_sheet_setbuf
   447 00000207 83 C4 20                        	ADD	ESP,32
   448 0000020A 0F BF 05 00000FF6               	MOVSX	EAX,WORD [4086]
   449 00000211 50                              	PUSH	EAX
   450 00000212 0F BF 05 00000FF4               	MOVSX	EAX,WORD [4084]
   451 00000219 50                              	PUSH	EAX
   452 0000021A 53                              	PUSH	EBX
   453 0000021B 8D 9D FFFFFBF4                  	LEA	EBX,DWORD [-1036+EBP]
   454 00000221 E8 [00000000]                   	CALL	_init_screen8
   455 00000226 FF B5 FFFFFBD4                  	PUSH	DWORD [-1068+EBP]
   456 0000022C FF B5 FFFFFBF0                  	PUSH	DWORD [-1040+EBP]
   457 00000232 E8 00000B53                     	CALL	_open_console
   458 00000237 FF B5 FFFFFBF0                  	PUSH	DWORD [-1040+EBP]
   459 0000023D 89 85 FFFFFBA8                  	MOV	DWORD [-1112+EBP],EAX
   460 00000243 E8 [00000000]                   	CALL	_sheet_alloc
   461 00000248 6A 63                           	PUSH	99
   462 0000024A 6A 10                           	PUSH	16
   463 0000024C 89 85 FFFFFBCC                  	MOV	DWORD [-1076+EBP],EAX
   464 00000252 6A 10                           	PUSH	16
   465 00000254 53                              	PUSH	EBX
   466 00000255 50                              	PUSH	EAX
   467 00000256 E8 [00000000]                   	CALL	_sheet_setbuf
   468 0000025B 83 C4 2C                        	ADD	ESP,44
   469 0000025E 6A 63                           	PUSH	99
   470 00000260 53                              	PUSH	EBX
   471 00000261 BB 00000002                     	MOV	EBX,2
   472 00000266 E8 [00000000]                   	CALL	_init_mouse_cursor8
   473 0000026B 0F BF 05 00000FF4               	MOVSX	EAX,WORD [4084]
   474 00000272 8D 48 F0                        	LEA	ECX,DWORD [-16+EAX]
   475 00000275 89 C8                           	MOV	EAX,ECX
   476 00000277 99                              	CDQ
   477 00000278 F7 FB                           	IDIV	EBX
   478 0000027A 89 85 FFFFFBEC                  	MOV	DWORD [-1044+EBP],EAX
   479 00000280 0F BF 05 00000FF6               	MOVSX	EAX,WORD [4086]
   480 00000287 6A 00                           	PUSH	0
   481 00000289 8D 48 D4                        	LEA	ECX,DWORD [-44+EAX]
   482 0000028C 6A 00                           	PUSH	0
   483 0000028E 89 C8                           	MOV	EAX,ECX
   484 00000290 99                              	CDQ
   485 00000291 F7 FB                           	IDIV	EBX
   486 00000293 FF B5 FFFFFBD0                  	PUSH	DWORD [-1072+EBP]
   487 00000299 89 85 FFFFFBE8                  	MOV	DWORD [-1048+EBP],EAX
   488 0000029F E8 [00000000]                   	CALL	_sheet_slide
   489 000002A4 6A 04                           	PUSH	4
   490 000002A6 6A 20                           	PUSH	32
   491 000002A8 FF B5 FFFFFBA8                  	PUSH	DWORD [-1112+EBP]
   492 000002AE E8 [00000000]                   	CALL	_sheet_slide
   493 000002B3 83 C4 20                        	ADD	ESP,32
   494 000002B6 FF B5 FFFFFBE8                  	PUSH	DWORD [-1048+EBP]
   495 000002BC FF B5 FFFFFBEC                  	PUSH	DWORD [-1044+EBP]
   496 000002C2 FF B5 FFFFFBCC                  	PUSH	DWORD [-1076+EBP]
   497 000002C8 E8 [00000000]                   	CALL	_sheet_slide
   498 000002CD 6A 00                           	PUSH	0
   499 000002CF FF B5 FFFFFBD0                  	PUSH	DWORD [-1072+EBP]
   500 000002D5 E8 [00000000]                   	CALL	_sheet_updown
   501 000002DA 6A 01                           	PUSH	1
   502 000002DC FF B5 FFFFFBA8                  	PUSH	DWORD [-1112+EBP]
   503 000002E2 E8 [00000000]                   	CALL	_sheet_updown
   504 000002E7 6A 02                           	PUSH	2
   505 000002E9 FF B5 FFFFFBCC                  	PUSH	DWORD [-1076+EBP]
   506 000002EF E8 [00000000]                   	CALL	_sheet_updown
   507 000002F4 83 C4 24                        	ADD	ESP,36
   508 000002F7 FF B5 FFFFFBA8                  	PUSH	DWORD [-1112+EBP]
   509 000002FD E8 000009B4                     	CALL	_keywin_on
   510 00000302 68 000000ED                     	PUSH	237
   511 00000307 56                              	PUSH	ESI
   512 00000308 E8 [00000000]                   	CALL	_fifo32_put
   513 0000030D FF B5 FFFFFBC0                  	PUSH	DWORD [-1088+EBP]
   514 00000313 56                              	PUSH	ESI
   515 00000314 E8 [00000000]                   	CALL	_fifo32_put
   516 00000319 68 000BABA0                     	PUSH	764832
   517 0000031E 68 003C0000                     	PUSH	3932160
   518 00000323 E8 [00000000]                   	CALL	_memman_alloc_4k
   519 00000328 68 00002D00                     	PUSH	11520
   520 0000032D 68 003C0000                     	PUSH	3932160
   521 00000332 89 C3                           	MOV	EBX,EAX
   522 00000334 E8 [00000000]                   	CALL	_memman_alloc_4k
   523 00000339 83 C4 24                        	ADD	ESP,36
   524 0000033C 89 C7                           	MOV	EDI,EAX
   525 0000033E 68 00100200                     	PUSH	1049088
   526 00000343 50                              	PUSH	EAX
   527 00000344 E8 [00000000]                   	CALL	_file_readfat
   528 00000349 68 000000E0                     	PUSH	224
   529 0000034E 68 00102600                     	PUSH	1058304
   530 00000353 68 [00000100]                   	PUSH	LC0
   531 00000358 E8 [00000000]                   	CALL	_file_search
   532 0000035D 83 C4 14                        	ADD	ESP,20
   533 00000360 85 C0                           	TEST	EAX,EAX
   534 00000362 0F 84 000008F5                  	JE	L2
   535 00000368 68 00103E00                     	PUSH	1064448
   536 0000036D 57                              	PUSH	EDI
   537 0000036E 53                              	PUSH	EBX
   538 0000036F FF 70 1C                        	PUSH	DWORD [28+EAX]
   539 00000372 0F B7 40 1A                     	MOVZX	EAX,WORD [26+EAX]
   540 00000376 50                              	PUSH	EAX
   541 00000377 E8 [00000000]                   	CALL	_file_loadfile
   542 0000037C 83 C4 14                        	ADD	ESP,20
   543 0000037F                                 L3:
   544 0000037F 89 1D 00000FE8                  	MOV	DWORD [4072],EBX
   545 00000385 68 00002D00                     	PUSH	11520
   546 0000038A 57                              	PUSH	EDI
   547 0000038B 68 003C0000                     	PUSH	3932160
   548 00000390 E8 [00000000]                   	CALL	_memman_free_4k
   549 00000395                                 L90:
   550 00000395 83 C4 0C                        	ADD	ESP,12
   551 00000398                                 L14:
   552 00000398 8D 5D C4                        	LEA	EBX,DWORD [-60+EBP]
   553 0000039B E8 [00000000]                   	CALL	_get_day_of_month
   554 000003A0 50                              	PUSH	EAX
   555 000003A1 E8 [00000000]                   	CALL	_get_mon_hex
   556 000003A6 50                              	PUSH	EAX
   557 000003A7 E8 [00000000]                   	CALL	_get_year
   558 000003AC 50                              	PUSH	EAX
   559 000003AD 68 [0000010A]                   	PUSH	LC1
   560 000003B2 53                              	PUSH	EBX
   561 000003B3 E8 [00000000]                   	CALL	_sprintf
   562 000003B8 6A 0A                           	PUSH	10
   563 000003BA 53                              	PUSH	EBX
   564 000003BB 6A 07                           	PUSH	7
   565 000003BD 6A 00                           	PUSH	0
   566 000003BF 0F BF 05 00000FF6               	MOVSX	EAX,WORD [4086]
   567 000003C6 83 E8 14                        	SUB	EAX,20
   568 000003C9 50                              	PUSH	EAX
   569 000003CA 0F BF 05 00000FF4               	MOVSX	EAX,WORD [4084]
   570 000003D1 2D 00000082                     	SUB	EAX,130
   571 000003D6 50                              	PUSH	EAX
   572 000003D7 FF B5 FFFFFBD0                  	PUSH	DWORD [-1072+EBP]
   573 000003DD E8 [00000000]                   	CALL	_putfonts8_asc_sht
   574 000003E2 83 C4 30                        	ADD	ESP,48
   575 000003E5 E8 [00000000]                   	CALL	_get_min_hex
   576 000003EA 50                              	PUSH	EAX
   577 000003EB E8 [00000000]                   	CALL	_get_hour_hex
   578 000003F0 50                              	PUSH	EAX
   579 000003F1 68 [00000113]                   	PUSH	LC2
   580 000003F6 53                              	PUSH	EBX
   581 000003F7 E8 [00000000]                   	CALL	_sprintf
   582 000003FC 6A 05                           	PUSH	5
   583 000003FE 53                              	PUSH	EBX
   584 000003FF 8D 5D 84                        	LEA	EBX,DWORD [-124+EBP]
   585 00000402 6A 07                           	PUSH	7
   586 00000404 6A 00                           	PUSH	0
   587 00000406 0F BF 05 00000FF6               	MOVSX	EAX,WORD [4086]
   588 0000040D 83 E8 14                        	SUB	EAX,20
   589 00000410 50                              	PUSH	EAX
   590 00000411 0F BF 05 00000FF4               	MOVSX	EAX,WORD [4084]
   591 00000418 83 E8 2D                        	SUB	EAX,45
   592 0000041B 50                              	PUSH	EAX
   593 0000041C FF B5 FFFFFBD0                  	PUSH	DWORD [-1072+EBP]
   594 00000422 E8 [00000000]                   	CALL	_putfonts8_asc_sht
   595 00000427 83 C4 2C                        	ADD	ESP,44
   596 0000042A 0F BF 05 00000FF6               	MOVSX	EAX,WORD [4086]
   597 00000431 83 E8 22                        	SUB	EAX,34
   598 00000434 50                              	PUSH	EAX
   599 00000435 0F BF 05 00000FF4               	MOVSX	EAX,WORD [4084]
   600 0000043C 83 E8 05                        	SUB	EAX,5
   601 0000043F 50                              	PUSH	EAX
   602 00000440 0F BF 05 00000FF6               	MOVSX	EAX,WORD [4086]
   603 00000447 83 E8 14                        	SUB	EAX,20
   604 0000044A 50                              	PUSH	EAX
   605 0000044B 0F BF 05 00000FF4               	MOVSX	EAX,WORD [4084]
   606 00000452 83 E8 7E                        	SUB	EAX,126
   607 00000455 50                              	PUSH	EAX
   608 00000456 FF B5 FFFFFBD0                  	PUSH	DWORD [-1072+EBP]
   609 0000045C E8 [00000000]                   	CALL	_sheet_refresh
   610 00000461 53                              	PUSH	EBX
   611 00000462 E8 [00000000]                   	CALL	_fifo32_status
   612 00000467 83 C4 18                        	ADD	ESP,24
   613 0000046A 85 C0                           	TEST	EAX,EAX
   614 0000046C 7E 0D                           	JLE	L17
   615 0000046E 83 BD FFFFFBBC 00               	CMP	DWORD [-1092+EBP],0
   616 00000475 0F 88 000007BC                  	JS	L94
   617 0000047B                                 L17:
   618 0000047B 8D 5D A4                        	LEA	EBX,DWORD [-92+EBP]
   619 0000047E E8 [00000000]                   	CALL	_io_cli
   620 00000483 53                              	PUSH	EBX
   621 00000484 E8 [00000000]                   	CALL	_fifo32_status
   622 00000489 5E                              	POP	ESI
   623 0000048A 85 C0                           	TEST	EAX,EAX
   624 0000048C 0F 84 00000746                  	JE	L95
   625 00000492 53                              	PUSH	EBX
   626 00000493 E8 [00000000]                   	CALL	_fifo32_get
   627 00000498 89 C6                           	MOV	ESI,EAX
   628 0000049A E8 [00000000]                   	CALL	_io_sti
   629 0000049F 5B                              	POP	EBX
   630 000004A0 83 BD FFFFFBA8 00               	CMP	DWORD [-1112+EBP],0
   631 000004A7 74 3B                           	JE	L24
   632 000004A9 8B 85 FFFFFBA8                  	MOV	EAX,DWORD [-1112+EBP]
   633 000004AF 83 78 1C 00                     	CMP	DWORD [28+EAX],0
   634 000004B3 75 2F                           	JNE	L24
   635 000004B5 8B 95 FFFFFBF0                  	MOV	EDX,DWORD [-1040+EBP]
   636 000004BB C7 85 FFFFFBA8 00000000         	MOV	DWORD [-1112+EBP],0
   637 000004C5 8B 42 10                        	MOV	EAX,DWORD [16+EDX]
   638 000004C8 83 F8 01                        	CMP	EAX,1
   639 000004CB 74 17                           	JE	L24
   640 000004CD 8B 95 FFFFFBF0                  	MOV	EDX,DWORD [-1040+EBP]
   641 000004D3 8B 44 82 10                     	MOV	EAX,DWORD [16+EDX+EAX*4]
   642 000004D7 50                              	PUSH	EAX
   643 000004D8 89 85 FFFFFBA8                  	MOV	DWORD [-1112+EBP],EAX
   644 000004DE E8 000007D3                     	CALL	_keywin_on
   645 000004E3 59                              	POP	ECX
   646 000004E4                                 L24:
   647 000004E4 8D 86 FFFFFF00                  	LEA	EAX,DWORD [-256+ESI]
   648 000004EA 3D 000000FF                     	CMP	EAX,255
   649 000004EF 0F 86 000003A9                  	JBE	L96
   650 000004F5 8D 86 FFFFFE00                  	LEA	EAX,DWORD [-512+ESI]
   651 000004FB 3D 000000FF                     	CMP	EAX,255
   652 00000500 0F 86 00000093                  	JBE	L97
   653 00000506 8D 86 FFFFFD00                  	LEA	EAX,DWORD [-768+ESI]
   654 0000050C 3D 000000FF                     	CMP	EAX,255
   655 00000511 76 6E                           	JBE	L98
   656 00000513 8D 86 FFFFFC00                  	LEA	EAX,DWORD [-1024+ESI]
   657 00000519 3D 000003E7                     	CMP	EAX,999
   658 0000051E 76 43                           	JBE	L99
   659 00000520 8D 86 FFFFF818                  	LEA	EAX,DWORD [-2024+ESI]
   660 00000526 3D 000000FF                     	CMP	EAX,255
   661 0000052B 0F 87 FFFFFE67                  	JA	L14
   662 00000531 6B C6 28                        	IMUL	EAX,ESI,40
   663 00000534 03 85 FFFFFBF0                  	ADD	EAX,DWORD [-1040+EBP]
   664 0000053A 68 0000A500                     	PUSH	42240
   665 0000053F FF B0 FFFEC7D4                  	PUSH	DWORD [-79916+EAX]
   666 00000545 68 003C0000                     	PUSH	3932160
   667 0000054A 8D 98 FFFEC7D4                  	LEA	EBX,DWORD [-79916+EAX]
   668 00000550 E8 [00000000]                   	CALL	_memman_free_4k
   669 00000555 53                              	PUSH	EBX
   670 00000556 E8 [00000000]                   	CALL	_sheet_free
   671 0000055B 83 C4 10                        	ADD	ESP,16
   672 0000055E E9 FFFFFE35                     	JMP	L14
   673 00000563                                 L99:
   674 00000563 69 F6 000000C0                  	IMUL	ESI,ESI,192
   675 00000569 03 35 [00000000]                	ADD	ESI,DWORD [_taskctl]
   676 0000056F 8D 86 FFFD0FF8                  	LEA	EAX,DWORD [-192520+ESI]
   677 00000575 50                              	PUSH	EAX
   678 00000576 E8 0000088E                     	CALL	_close_constask
   679 0000057B                                 L89:
   680 0000057B 58                              	POP	EAX
   681 0000057C E9 FFFFFE17                     	JMP	L14
   682 00000581                                 L98:
   683 00000581 6B C6 28                        	IMUL	EAX,ESI,40
   684 00000584 8B 95 FFFFFBF0                  	MOV	EDX,DWORD [-1040+EBP]
   685 0000058A 8D 84 10 FFFF8C14               	LEA	EAX,DWORD [-29676+EAX+EDX*1]
   686 00000591 50                              	PUSH	EAX
   687 00000592 E8 000008B2                     	CALL	_close_console
   688 00000597 EB E2                           	JMP	L89
   689 00000599                                 L97:
   690 00000599 89 F2                           	MOV	EDX,ESI
   691 0000059B 0F B6 C2                        	MOVZX	EAX,DL
   692 0000059E 50                              	PUSH	EAX
   693 0000059F 8D 85 FFFFFCF4                  	LEA	EAX,DWORD [-780+EBP]
   694 000005A5 50                              	PUSH	EAX
   695 000005A6 E8 [00000000]                   	CALL	_mouse_decode
   696 000005AB 5A                              	POP	EDX
   697 000005AC 59                              	POP	ECX
   698 000005AD 85 C0                           	TEST	EAX,EAX
   699 000005AF 0F 84 FFFFFDE3                  	JE	L14
   700 000005B5 8B 85 FFFFFCFC                  	MOV	EAX,DWORD [-772+EBP]
   701 000005BB 8B 95 FFFFFCF8                  	MOV	EDX,DWORD [-776+EBP]
   702 000005C1 01 85 FFFFFBE8                  	ADD	DWORD [-1048+EBP],EAX
   703 000005C7 01 95 FFFFFBEC                  	ADD	DWORD [-1044+EBP],EDX
   704 000005CD 0F 88 000002BC                  	JS	L100
   705 000005D3                                 L56:
   706 000005D3 83 BD FFFFFBE8 00               	CMP	DWORD [-1048+EBP],0
   707 000005DA 0F 88 000002A0                  	JS	L101
   708 000005E0                                 L57:
   709 000005E0 0F BF 05 00000FF4               	MOVSX	EAX,WORD [4084]
   710 000005E7 48                              	DEC	EAX
   711 000005E8 39 85 FFFFFBEC                  	CMP	DWORD [-1044+EBP],EAX
   712 000005EE 7E 06                           	JLE	L58
   713 000005F0 89 85 FFFFFBEC                  	MOV	DWORD [-1044+EBP],EAX
   714 000005F6                                 L58:
   715 000005F6 0F BF 05 00000FF6               	MOVSX	EAX,WORD [4086]
   716 000005FD 48                              	DEC	EAX
   717 000005FE 39 85 FFFFFBE8                  	CMP	DWORD [-1048+EBP],EAX
   718 00000604 7E 06                           	JLE	L59
   719 00000606 89 85 FFFFFBE8                  	MOV	DWORD [-1048+EBP],EAX
   720 0000060C                                 L59:
   721 0000060C 8B 85 FFFFFBEC                  	MOV	EAX,DWORD [-1044+EBP]
   722 00000612 8B 95 FFFFFBE8                  	MOV	EDX,DWORD [-1048+EBP]
   723 00000618 89 85 FFFFFBE4                  	MOV	DWORD [-1052+EBP],EAX
   724 0000061E 89 95 FFFFFBE0                  	MOV	DWORD [-1056+EBP],EDX
   725 00000624 F7 85 FFFFFD00 00000001         	TEST	DWORD [-768+EBP],1
   726 0000062E 75 40                           	JNE	L102
   727 00000630 C7 85 FFFFFBB8 FFFFFFFF         	MOV	DWORD [-1096+EBP],-1
   728 0000063A 81 BD FFFFFBDC 7FFFFFFF         	CMP	DWORD [-1060+EBP],2147483647
   729 00000644 0F 84 FFFFFD4E                  	JE	L14
   730 0000064A                                 L91:
   731 0000064A FF B5 FFFFFBD8                  	PUSH	DWORD [-1064+EBP]
   732 00000650 FF B5 FFFFFBDC                  	PUSH	DWORD [-1060+EBP]
   733 00000656 FF B5 FFFFFBAC                  	PUSH	DWORD [-1108+EBP]
   734 0000065C E8 [00000000]                   	CALL	_sheet_slide
   735 00000661 C7 85 FFFFFBDC 7FFFFFFF         	MOV	DWORD [-1060+EBP],2147483647
   736 0000066B E9 FFFFFD25                     	JMP	L90
   737 00000670                                 L102:
   738 00000670 83 BD FFFFFBB8 00               	CMP	DWORD [-1096+EBP],0
   739 00000677 78 46                           	JS	L103
   740 00000679 8B 9D FFFFFBEC                  	MOV	EBX,DWORD [-1044+EBP]
   741 0000067F 8B 85 FFFFFBB0                  	MOV	EAX,DWORD [-1104+EBP]
   742 00000685 2B 9D FFFFFBB8                  	SUB	EBX,DWORD [-1096+EBP]
   743 0000068B 8B B5 FFFFFBE8                  	MOV	ESI,DWORD [-1048+EBP]
   744 00000691 2B B5 FFFFFBB4                  	SUB	ESI,DWORD [-1100+EBP]
   745 00000697 8B 95 FFFFFBE8                  	MOV	EDX,DWORD [-1048+EBP]
   746 0000069D 8D 5C 03 02                     	LEA	EBX,DWORD [2+EBX+EAX*1]
   747 000006A1 89 95 FFFFFBB4                  	MOV	DWORD [-1100+EBP],EDX
   748 000006A7 89 9D FFFFFBDC                  	MOV	DWORD [-1060+EBP],EBX
   749 000006AD 01 B5 FFFFFBD8                  	ADD	DWORD [-1064+EBP],ESI
   750 000006B3 83 A5 FFFFFBDC FC               	AND	DWORD [-1060+EBP],-4
   751 000006BA E9 FFFFFCD9                     	JMP	L14
   752 000006BF                                 L103:
   753 000006BF 8B 85 FFFFFBF0                  	MOV	EAX,DWORD [-1040+EBP]
   754 000006C5 8B 78 10                        	MOV	EDI,DWORD [16+EAX]
   755 000006C8 8D 4F FF                        	LEA	ECX,DWORD [-1+EDI]
   756 000006CB                                 L93:
   757 000006CB 85 C9                           	TEST	ECX,ECX
   758 000006CD 0F 8E FFFFFCC5                  	JLE	L14
   759 000006D3 8B 95 FFFFFBF0                  	MOV	EDX,DWORD [-1040+EBP]
   760 000006D9 8B B5 FFFFFBE8                  	MOV	ESI,DWORD [-1048+EBP]
   761 000006DF 8B 9D FFFFFBEC                  	MOV	EBX,DWORD [-1044+EBP]
   762 000006E5 8B 54 8A 14                     	MOV	EDX,DWORD [20+EDX+ECX*4]
   763 000006E9 89 95 FFFFFBAC                  	MOV	DWORD [-1108+EBP],EDX
   764 000006EF 2B 72 10                        	SUB	ESI,DWORD [16+EDX]
   765 000006F2 2B 5A 0C                        	SUB	EBX,DWORD [12+EDX]
   766 000006F5 78 32                           	JS	L64
   767 000006F7 8B 42 04                        	MOV	EAX,DWORD [4+EDX]
   768 000006FA 39 C3                           	CMP	EBX,EAX
   769 000006FC 7D 2B                           	JGE	L64
   770 000006FE 85 F6                           	TEST	ESI,ESI
   771 00000700 78 27                           	JS	L64
   772 00000702 3B 72 08                        	CMP	ESI,DWORD [8+EDX]
   773 00000705 7D 22                           	JGE	L64
   774 00000707 0F AF C6                        	IMUL	EAX,ESI
   775 0000070A 89 85 FFFFFBA0                  	MOV	DWORD [-1120+EBP],EAX
   776 00000710 8B 12                           	MOV	EDX,DWORD [EDX]
   777 00000712 8B 85 FFFFFBA0                  	MOV	EAX,DWORD [-1120+EBP]
   778 00000718 01 D8                           	ADD	EAX,EBX
   779 0000071A 0F B6 04 10                     	MOVZX	EAX,BYTE [EAX+EDX*1]
   780 0000071E 8B 95 FFFFFBAC                  	MOV	EDX,DWORD [-1108+EBP]
   781 00000724 3B 42 14                        	CMP	EAX,DWORD [20+EDX]
   782 00000727 75 03                           	JNE	L104
   783 00000729                                 L64:
   784 00000729 49                              	DEC	ECX
   785 0000072A EB 9F                           	JMP	L93
   786 0000072C                                 L104:
   787 0000072C 8D 47 FF                        	LEA	EAX,DWORD [-1+EDI]
   788 0000072F 50                              	PUSH	EAX
   789 00000730 52                              	PUSH	EDX
   790 00000731 E8 [00000000]                   	CALL	_sheet_updown
   791 00000736 5F                              	POP	EDI
   792 00000737 58                              	POP	EAX
   793 00000738 8B 85 FFFFFBA8                  	MOV	EAX,DWORD [-1112+EBP]
   794 0000073E 39 85 FFFFFBAC                  	CMP	DWORD [-1108+EBP],EAX
   795 00000744 74 1A                           	JE	L68
   796 00000746 50                              	PUSH	EAX
   797 00000747 E8 0000053C                     	CALL	_keywin_off
   798 0000074C 8B 95 FFFFFBAC                  	MOV	EDX,DWORD [-1108+EBP]
   799 00000752 52                              	PUSH	EDX
   800 00000753 89 95 FFFFFBA8                  	MOV	DWORD [-1112+EBP],EDX
   801 00000759 E8 00000558                     	CALL	_keywin_on
   802 0000075E 5A                              	POP	EDX
   803 0000075F 59                              	POP	ECX
   804 00000760                                 L68:
   805 00000760 83 FB 02                        	CMP	EBX,2
   806 00000763 7E 50                           	JLE	L69
   807 00000765 8B 95 FFFFFBAC                  	MOV	EDX,DWORD [-1108+EBP]
   808 0000076B 8B 42 04                        	MOV	EAX,DWORD [4+EDX]
   809 0000076E 83 E8 03                        	SUB	EAX,3
   810 00000771 39 C3                           	CMP	EBX,EAX
   811 00000773 7D 40                           	JGE	L69
   812 00000775 83 FE 02                        	CMP	ESI,2
   813 00000778 7E 3B                           	JLE	L69
   814 0000077A 83 FE 14                        	CMP	ESI,20
   815 0000077D 7F 36                           	JG	L69
   816 0000077F 8B 85 FFFFFBEC                  	MOV	EAX,DWORD [-1044+EBP]
   817 00000785 8B 95 FFFFFBE8                  	MOV	EDX,DWORD [-1048+EBP]
   818 0000078B 89 85 FFFFFBB8                  	MOV	DWORD [-1096+EBP],EAX
   819 00000791 89 95 FFFFFBB4                  	MOV	DWORD [-1100+EBP],EDX
   820 00000797 8B 85 FFFFFBAC                  	MOV	EAX,DWORD [-1108+EBP]
   821 0000079D 8B 95 FFFFFBAC                  	MOV	EDX,DWORD [-1108+EBP]
   822 000007A3 8B 40 0C                        	MOV	EAX,DWORD [12+EAX]
   823 000007A6 8B 52 10                        	MOV	EDX,DWORD [16+EDX]
   824 000007A9 89 85 FFFFFBB0                  	MOV	DWORD [-1104+EBP],EAX
   825 000007AF 89 95 FFFFFBD8                  	MOV	DWORD [-1064+EBP],EDX
   826 000007B5                                 L69:
   827 000007B5 8B 85 FFFFFBAC                  	MOV	EAX,DWORD [-1108+EBP]
   828 000007BB 8B 50 04                        	MOV	EDX,DWORD [4+EAX]
   829 000007BE 8D 42 EB                        	LEA	EAX,DWORD [-21+EDX]
   830 000007C1 39 D8                           	CMP	EAX,EBX
   831 000007C3 0F 8F FFFFFBCF                  	JG	L14
   832 000007C9 8D 42 FB                        	LEA	EAX,DWORD [-5+EDX]
   833 000007CC 39 C3                           	CMP	EBX,EAX
   834 000007CE 0F 8D FFFFFBC4                  	JGE	L14
   835 000007D4 83 FE 04                        	CMP	ESI,4
   836 000007D7 0F 8E FFFFFBBB                  	JLE	L14
   837 000007DD 83 FE 12                        	CMP	ESI,18
   838 000007E0 0F 8F FFFFFBB2                  	JG	L14
   839 000007E6 8B 95 FFFFFBAC                  	MOV	EDX,DWORD [-1108+EBP]
   840 000007EC F6 42 1C 10                     	TEST	BYTE [28+EDX],16
   841 000007F0 74 42                           	JE	L105
   842 000007F2 8B 95 FFFFFBAC                  	MOV	EDX,DWORD [-1108+EBP]
   843 000007F8 8B 5A 24                        	MOV	EBX,DWORD [36+EDX]
   844 000007FB 68 [00000119]                   	PUSH	LC4
   845 00000800 FF B3 000000A4                  	PUSH	DWORD [164+EBX]
   846 00000806 E8 [00000000]                   	CALL	_cons_putstr0
   847 0000080B E8 [00000000]                   	CALL	_io_cli
   848 00000810 8D 43 30                        	LEA	EAX,DWORD [48+EBX]
   849 00000813 89 43 54                        	MOV	DWORD [84+EBX],EAX
   850 00000816 C7 43 4C [00000000]             	MOV	DWORD [76+EBX],_asm_end_app
   851 0000081D E8 [00000000]                   	CALL	_io_sti
   852 00000822 6A 00                           	PUSH	0
   853 00000824 6A FF                           	PUSH	-1
   854 00000826 53                              	PUSH	EBX
   855 00000827 E8 [00000000]                   	CALL	_task_run
   856 0000082C 83 C4 14                        	ADD	ESP,20
   857 0000082F E9 FFFFFB64                     	JMP	L14
   858 00000834                                 L105:
   859 00000834 8B 5A 24                        	MOV	EBX,DWORD [36+EDX]
   860 00000837 6A FF                           	PUSH	-1
   861 00000839 52                              	PUSH	EDX
   862 0000083A E8 [00000000]                   	CALL	_sheet_updown
   863 0000083F FF B5 FFFFFBA8                  	PUSH	DWORD [-1112+EBP]
   864 00000845 E8 0000043E                     	CALL	_keywin_off
   865 0000084A 8B 95 FFFFFBF0                  	MOV	EDX,DWORD [-1040+EBP]
   866 00000850 8B 42 10                        	MOV	EAX,DWORD [16+EDX]
   867 00000853 8B 44 82 10                     	MOV	EAX,DWORD [16+EDX+EAX*4]
   868 00000857 50                              	PUSH	EAX
   869 00000858 89 85 FFFFFBA8                  	MOV	DWORD [-1112+EBP],EAX
   870 0000085E E8 00000453                     	CALL	_keywin_on
   871 00000863 E8 [00000000]                   	CALL	_io_cli
   872 00000868 8D 43 10                        	LEA	EAX,DWORD [16+EBX]
   873 0000086B 6A 04                           	PUSH	4
   874 0000086D 50                              	PUSH	EAX
   875 0000086E E8 [00000000]                   	CALL	_fifo32_put
   876 00000873 E8 [00000000]                   	CALL	_io_sti
   877 00000878 83 C4 18                        	ADD	ESP,24
   878 0000087B E9 FFFFFB18                     	JMP	L14
   879 00000880                                 L101:
   880 00000880 C7 85 FFFFFBE8 00000000         	MOV	DWORD [-1048+EBP],0
   881 0000088A E9 FFFFFD51                     	JMP	L57
   882 0000088F                                 L100:
   883 0000088F C7 85 FFFFFBEC 00000000         	MOV	DWORD [-1044+EBP],0
   884 00000899 E9 FFFFFD35                     	JMP	L56
   885 0000089E                                 L96:
   886 0000089E 81 FE 0000017F                  	CMP	ESI,383
   887 000008A4 0F 8F 00000325                  	JG	L28
   888 000008AA 83 BD FFFFFBC4 00               	CMP	DWORD [-1084+EBP],0
   889 000008B1 0F 85 0000030D                  	JNE	L29
   890 000008B7 8A 86 [FFFFFF00]                	MOV	AL,BYTE [_keytable0.0-256+ESI]
   891 000008BD                                 L92:
   892 000008BD 88 45 C4                        	MOV	BYTE [-60+EBP],AL
   893 000008C0                                 L31:
   894 000008C0 8A 55 C4                        	MOV	DL,BYTE [-60+EBP]
   895 000008C3 8D 42 BF                        	LEA	EAX,DWORD [-65+EDX]
   896 000008C6 3C 19                           	CMP	AL,25
   897 000008C8 77 1D                           	JA	L32
   898 000008CA F7 85 FFFFFBC0 00000004         	TEST	DWORD [-1088+EBP],4
   899 000008D4 0F 85 000002DB                  	JNE	L87
   900 000008DA 83 BD FFFFFBC4 00               	CMP	DWORD [-1084+EBP],0
   901 000008E1 0F 84 000002C3                  	JE	L34
   902 000008E7                                 L32:
   903 000008E7 8A 45 C4                        	MOV	AL,BYTE [-60+EBP]
   904 000008EA 84 C0                           	TEST	AL,AL
   905 000008EC 74 26                           	JE	L36
   906 000008EE 83 BD FFFFFBA8 00               	CMP	DWORD [-1112+EBP],0
   907 000008F5 74 1D                           	JE	L36
   908 000008F7 0F BE C0                        	MOVSX	EAX,AL
   909 000008FA 8B 95 FFFFFBA8                  	MOV	EDX,DWORD [-1112+EBP]
   910 00000900 05 00000100                     	ADD	EAX,256
   911 00000905 50                              	PUSH	EAX
   912 00000906 8B 42 24                        	MOV	EAX,DWORD [36+EDX]
   913 00000909 83 C0 10                        	ADD	EAX,16
   914 0000090C 50                              	PUSH	EAX
   915 0000090D E8 [00000000]                   	CALL	_fifo32_put
   916 00000912 58                              	POP	EAX
   917 00000913 5A                              	POP	EDX
   918 00000914                                 L36:
   919 00000914 81 FE 0000010F                  	CMP	ESI,271
   920 0000091A 0F 84 0000023F                  	JE	L106
   921 00000920                                 L37:
   922 00000920 81 FE 0000012A                  	CMP	ESI,298
   923 00000926 0F 84 00000227                  	JE	L107
   924 0000092C                                 L39:
   925 0000092C 81 FE 00000136                  	CMP	ESI,310
   926 00000932 0F 84 0000020F                  	JE	L108
   927 00000938                                 L40:
   928 00000938 81 FE 000001AA                  	CMP	ESI,426
   929 0000093E 0F 84 000001F7                  	JE	L109
   930 00000944                                 L41:
   931 00000944 81 FE 000001B6                  	CMP	ESI,438
   932 0000094A 0F 84 000001DF                  	JE	L110
   933 00000950                                 L42:
   934 00000950 81 FE 0000013A                  	CMP	ESI,314
   935 00000956 0F 84 000001AA                  	JE	L111
   936 0000095C                                 L43:
   937 0000095C 81 FE 00000145                  	CMP	ESI,325
   938 00000962 0F 84 00000175                  	JE	L112
   939 00000968                                 L44:
   940 00000968 81 FE 00000146                  	CMP	ESI,326
   941 0000096E 0F 84 00000140                  	JE	L113
   942 00000974                                 L45:
   943 00000974 81 FE 0000013B                  	CMP	ESI,315
   944 0000097A 0F 84 000000C6                  	JE	L114
   945 00000980                                 L46:
   946 00000980 81 FE 0000013C                  	CMP	ESI,316
   947 00000986 74 58                           	JE	L115
   948 00000988                                 L48:
   949 00000988 81 FE 00000157                  	CMP	ESI,343
   950 0000098E 74 39                           	JE	L116
   951 00000990                                 L50:
   952 00000990 81 FE 000001FA                  	CMP	ESI,506
   953 00000996 74 25                           	JE	L117
   954 00000998                                 L51:
   955 00000998 81 FE 000001FE                  	CMP	ESI,510
   956 0000099E 0F 85 FFFFF9F4                  	JNE	L14
   957 000009A4 E8 [00000000]                   	CALL	_wait_KBC_sendready
   958 000009A9 FF B5 FFFFFBBC                  	PUSH	DWORD [-1092+EBP]
   959 000009AF 6A 60                           	PUSH	96
   960 000009B1 E8 [00000000]                   	CALL	_io_out8
   961 000009B6 5B                              	POP	EBX
   962 000009B7 5E                              	POP	ESI
   963 000009B8 E9 FFFFF9DB                     	JMP	L14
   964 000009BD                                 L117:
   965 000009BD C7 85 FFFFFBBC FFFFFFFF         	MOV	DWORD [-1092+EBP],-1
   966 000009C7 EB CF                           	JMP	L51
   967 000009C9                                 L116:
   968 000009C9 8B 95 FFFFFBF0                  	MOV	EDX,DWORD [-1040+EBP]
   969 000009CF 8B 42 10                        	MOV	EAX,DWORD [16+EDX]
   970 000009D2 48                              	DEC	EAX
   971 000009D3 50                              	PUSH	EAX
   972 000009D4 FF 72 18                        	PUSH	DWORD [24+EDX]
   973 000009D7 E8 [00000000]                   	CALL	_sheet_updown
   974 000009DC 5F                              	POP	EDI
   975 000009DD 58                              	POP	EAX
   976 000009DE EB B0                           	JMP	L50
   977 000009E0                                 L115:
   978 000009E0 83 BD FFFFFBC4 00               	CMP	DWORD [-1084+EBP],0
   979 000009E7 74 9F                           	JE	L48
   980 000009E9 83 BD FFFFFBA8 00               	CMP	DWORD [-1112+EBP],0
   981 000009F0 74 0C                           	JE	L49
   982 000009F2 FF B5 FFFFFBA8                  	PUSH	DWORD [-1112+EBP]
   983 000009F8 E8 0000028B                     	CALL	_keywin_off
   984 000009FD 58                              	POP	EAX
   985 000009FE                                 L49:
   986 000009FE FF B5 FFFFFBD4                  	PUSH	DWORD [-1068+EBP]
   987 00000A04 FF B5 FFFFFBF0                  	PUSH	DWORD [-1040+EBP]
   988 00000A0A E8 0000037B                     	CALL	_open_console
   989 00000A0F 6A 04                           	PUSH	4
   990 00000A11 6A 20                           	PUSH	32
   991 00000A13 50                              	PUSH	EAX
   992 00000A14 89 85 FFFFFBA8                  	MOV	DWORD [-1112+EBP],EAX
   993 00000A1A E8 [00000000]                   	CALL	_sheet_slide
   994 00000A1F 8B 85 FFFFFBF0                  	MOV	EAX,DWORD [-1040+EBP]
   995 00000A25 FF 70 10                        	PUSH	DWORD [16+EAX]
   996 00000A28 FF B5 FFFFFBA8                  	PUSH	DWORD [-1112+EBP]
   997 00000A2E E8 [00000000]                   	CALL	_sheet_updown
   998 00000A33 FF B5 FFFFFBA8                  	PUSH	DWORD [-1112+EBP]
   999 00000A39 E8 00000278                     	CALL	_keywin_on
  1000 00000A3E 83 C4 20                        	ADD	ESP,32
  1001 00000A41 E9 FFFFFF42                     	JMP	L48
  1002 00000A46                                 L114:
  1003 00000A46 83 BD FFFFFBC4 00               	CMP	DWORD [-1084+EBP],0
  1004 00000A4D 0F 84 FFFFFF2D                  	JE	L46
  1005 00000A53 83 BD FFFFFBA8 00               	CMP	DWORD [-1112+EBP],0
  1006 00000A5A 0F 84 FFFFFF20                  	JE	L46
  1007 00000A60 8B 95 FFFFFBA8                  	MOV	EDX,DWORD [-1112+EBP]
  1008 00000A66 8B 5A 24                        	MOV	EBX,DWORD [36+EDX]
  1009 00000A69 85 DB                           	TEST	EBX,EBX
  1010 00000A6B 0F 84 FFFFFF0F                  	JE	L46
  1011 00000A71 83 7B 34 00                     	CMP	DWORD [52+EBX],0
  1012 00000A75 0F 84 FFFFFF05                  	JE	L46
  1013 00000A7B 68 [0000012A]                   	PUSH	LC3
  1014 00000A80 FF B3 000000A4                  	PUSH	DWORD [164+EBX]
  1015 00000A86 E8 [00000000]                   	CALL	_cons_putstr0
  1016 00000A8B E8 [00000000]                   	CALL	_io_cli
  1017 00000A90 8D 43 30                        	LEA	EAX,DWORD [48+EBX]
  1018 00000A93 89 43 54                        	MOV	DWORD [84+EBX],EAX
  1019 00000A96 C7 43 4C [00000000]             	MOV	DWORD [76+EBX],_asm_end_app
  1020 00000A9D E8 [00000000]                   	CALL	_io_sti
  1021 00000AA2 6A 00                           	PUSH	0
  1022 00000AA4 6A FF                           	PUSH	-1
  1023 00000AA6 53                              	PUSH	EBX
  1024 00000AA7 E8 [00000000]                   	CALL	_task_run
  1025 00000AAC 83 C4 14                        	ADD	ESP,20
  1026 00000AAF E9 FFFFFECC                     	JMP	L46
  1027 00000AB4                                 L113:
  1028 00000AB4 68 000000ED                     	PUSH	237
  1029 00000AB9 8D 5D 84                        	LEA	EBX,DWORD [-124+EBP]
  1030 00000ABC 53                              	PUSH	EBX
  1031 00000ABD 83 B5 FFFFFBC0 01               	XOR	DWORD [-1088+EBP],1
  1032 00000AC4 E8 [00000000]                   	CALL	_fifo32_put
  1033 00000AC9 FF B5 FFFFFBC0                  	PUSH	DWORD [-1088+EBP]
  1034 00000ACF 53                              	PUSH	EBX
  1035 00000AD0 E8 [00000000]                   	CALL	_fifo32_put
  1036 00000AD5 83 C4 10                        	ADD	ESP,16
  1037 00000AD8 E9 FFFFFE97                     	JMP	L45
  1038 00000ADD                                 L112:
  1039 00000ADD 68 000000ED                     	PUSH	237
  1040 00000AE2 8D 5D 84                        	LEA	EBX,DWORD [-124+EBP]
  1041 00000AE5 53                              	PUSH	EBX
  1042 00000AE6 83 B5 FFFFFBC0 02               	XOR	DWORD [-1088+EBP],2
  1043 00000AED E8 [00000000]                   	CALL	_fifo32_put
  1044 00000AF2 FF B5 FFFFFBC0                  	PUSH	DWORD [-1088+EBP]
  1045 00000AF8 53                              	PUSH	EBX
  1046 00000AF9 E8 [00000000]                   	CALL	_fifo32_put
  1047 00000AFE 83 C4 10                        	ADD	ESP,16
  1048 00000B01 E9 FFFFFE62                     	JMP	L44
  1049 00000B06                                 L111:
  1050 00000B06 68 000000ED                     	PUSH	237
  1051 00000B0B 8D 5D 84                        	LEA	EBX,DWORD [-124+EBP]
  1052 00000B0E 53                              	PUSH	EBX
  1053 00000B0F 83 B5 FFFFFBC0 04               	XOR	DWORD [-1088+EBP],4
  1054 00000B16 E8 [00000000]                   	CALL	_fifo32_put
  1055 00000B1B FF B5 FFFFFBC0                  	PUSH	DWORD [-1088+EBP]
  1056 00000B21 53                              	PUSH	EBX
  1057 00000B22 E8 [00000000]                   	CALL	_fifo32_put
  1058 00000B27 83 C4 10                        	ADD	ESP,16
  1059 00000B2A E9 FFFFFE2D                     	JMP	L43
  1060 00000B2F                                 L110:
  1061 00000B2F 83 A5 FFFFFBC4 FD               	AND	DWORD [-1084+EBP],-3
  1062 00000B36 E9 FFFFFE15                     	JMP	L42
  1063 00000B3B                                 L109:
  1064 00000B3B 83 A5 FFFFFBC4 FE               	AND	DWORD [-1084+EBP],-2
  1065 00000B42 E9 FFFFFDFD                     	JMP	L41
  1066 00000B47                                 L108:
  1067 00000B47 83 8D FFFFFBC4 02               	OR	DWORD [-1084+EBP],2
  1068 00000B4E E9 FFFFFDE5                     	JMP	L40
  1069 00000B53                                 L107:
  1070 00000B53 83 8D FFFFFBC4 01               	OR	DWORD [-1084+EBP],1
  1071 00000B5A E9 FFFFFDCD                     	JMP	L39
  1072 00000B5F                                 L106:
  1073 00000B5F 83 BD FFFFFBA8 00               	CMP	DWORD [-1112+EBP],0
  1074 00000B66 0F 84 FFFFFDB4                  	JE	L37
  1075 00000B6C FF B5 FFFFFBA8                  	PUSH	DWORD [-1112+EBP]
  1076 00000B72 E8 00000111                     	CALL	_keywin_off
  1077 00000B77 58                              	POP	EAX
  1078 00000B78 8B 85 FFFFFBA8                  	MOV	EAX,DWORD [-1112+EBP]
  1079 00000B7E 8B 48 18                        	MOV	ECX,DWORD [24+EAX]
  1080 00000B81 49                              	DEC	ECX
  1081 00000B82 75 0A                           	JNE	L38
  1082 00000B84 8B 95 FFFFFBF0                  	MOV	EDX,DWORD [-1040+EBP]
  1083 00000B8A 8B 4A 10                        	MOV	ECX,DWORD [16+EDX]
  1084 00000B8D 49                              	DEC	ECX
  1085 00000B8E                                 L38:
  1086 00000B8E 8B 85 FFFFFBF0                  	MOV	EAX,DWORD [-1040+EBP]
  1087 00000B94 8B 4C 88 14                     	MOV	ECX,DWORD [20+EAX+ECX*4]
  1088 00000B98 51                              	PUSH	ECX
  1089 00000B99 89 8D FFFFFBA8                  	MOV	DWORD [-1112+EBP],ECX
  1090 00000B9F E8 00000112                     	CALL	_keywin_on
  1091 00000BA4 58                              	POP	EAX
  1092 00000BA5 E9 FFFFFD76                     	JMP	L37
  1093 00000BAA                                 L34:
  1094 00000BAA 8D 42 20                        	LEA	EAX,DWORD [32+EDX]
  1095 00000BAD 88 45 C4                        	MOV	BYTE [-60+EBP],AL
  1096 00000BB0 E9 FFFFFD32                     	JMP	L32
  1097 00000BB5                                 L87:
  1098 00000BB5 83 BD FFFFFBC4 00               	CMP	DWORD [-1084+EBP],0
  1099 00000BBC 0F 84 FFFFFD25                  	JE	L32
  1100 00000BC2 EB E6                           	JMP	L34
  1101 00000BC4                                 L29:
  1102 00000BC4 8A 86 [FFFFFF80]                	MOV	AL,BYTE [_keytable1.1-256+ESI]
  1103 00000BCA E9 FFFFFCEE                     	JMP	L92
  1104 00000BCF                                 L28:
  1105 00000BCF C6 45 C4 00                     	MOV	BYTE [-60+EBP],0
  1106 00000BD3 E9 FFFFFCE8                     	JMP	L31
  1107 00000BD8                                 L95:
  1108 00000BD8 83 BD FFFFFBE4 00               	CMP	DWORD [-1052+EBP],0
  1109 00000BDF 79 2B                           	JNS	L118
  1110 00000BE1 81 BD FFFFFBDC 7FFFFFFF         	CMP	DWORD [-1060+EBP],2147483647
  1111 00000BEB 75 15                           	JNE	L119
  1112 00000BED FF B5 FFFFFBC8                  	PUSH	DWORD [-1080+EBP]
  1113 00000BF3 E8 [00000000]                   	CALL	_task_sleep
  1114 00000BF8 E8 [00000000]                   	CALL	_io_sti
  1115 00000BFD E9 FFFFF979                     	JMP	L89
  1116 00000C02                                 L119:
  1117 00000C02 E8 [00000000]                   	CALL	_io_sti
  1118 00000C07 E9 FFFFFA3E                     	JMP	L91
  1119 00000C0C                                 L118:
  1120 00000C0C E8 [00000000]                   	CALL	_io_sti
  1121 00000C11 FF B5 FFFFFBE0                  	PUSH	DWORD [-1056+EBP]
  1122 00000C17 FF B5 FFFFFBE4                  	PUSH	DWORD [-1052+EBP]
  1123 00000C1D FF B5 FFFFFBCC                  	PUSH	DWORD [-1076+EBP]
  1124 00000C23 E8 [00000000]                   	CALL	_sheet_slide
  1125 00000C28 C7 85 FFFFFBE4 FFFFFFFF         	MOV	DWORD [-1052+EBP],-1
  1126 00000C32 E9 FFFFF75E                     	JMP	L90
  1127 00000C37                                 L94:
  1128 00000C37 53                              	PUSH	EBX
  1129 00000C38 E8 [00000000]                   	CALL	_fifo32_get
  1130 00000C3D 89 85 FFFFFBBC                  	MOV	DWORD [-1092+EBP],EAX
  1131 00000C43 E8 [00000000]                   	CALL	_wait_KBC_sendready
  1132 00000C48 FF B5 FFFFFBBC                  	PUSH	DWORD [-1092+EBP]
  1133 00000C4E 6A 60                           	PUSH	96
  1134 00000C50 E8 [00000000]                   	CALL	_io_out8
  1135 00000C55 83 C4 0C                        	ADD	ESP,12
  1136 00000C58 E9 FFFFF81E                     	JMP	L17
  1137 00000C5D                                 L2:
  1138 00000C5D 31 F6                           	XOR	ESI,ESI
  1139 00000C5F                                 L8:
  1140 00000C5F 8A 86 [00000000]                	MOV	AL,BYTE [_hankaku+ESI]
  1141 00000C65 88 04 1E                        	MOV	BYTE [ESI+EBX*1],AL
  1142 00000C68 46                              	INC	ESI
  1143 00000C69 81 FE 00000FFF                  	CMP	ESI,4095
  1144 00000C6F 7E EE                           	JLE	L8
  1145 00000C71 BE 00001000                     	MOV	ESI,4096
  1146 00000C76                                 L13:
  1147 00000C76 C6 04 1E FF                     	MOV	BYTE [ESI+EBX*1],-1
  1148 00000C7A 46                              	INC	ESI
  1149 00000C7B 81 FE 0002383F                  	CMP	ESI,145471
  1150 00000C81 7E F3                           	JLE	L13
  1151 00000C83 E9 FFFFF6F7                     	JMP	L3
  1152 00000C88                                 	GLOBAL	_keywin_off
  1153 00000C88                                 _keywin_off:
  1154 00000C88 55                              	PUSH	EBP
  1155 00000C89 89 E5                           	MOV	EBP,ESP
  1156 00000C8B 53                              	PUSH	EBX
  1157 00000C8C 6A 00                           	PUSH	0
  1158 00000C8E 8B 5D 08                        	MOV	EBX,DWORD [8+EBP]
  1159 00000C91 53                              	PUSH	EBX
  1160 00000C92 E8 [00000000]                   	CALL	_change_wtitle8
  1161 00000C97 F6 43 1C 20                     	TEST	BYTE [28+EBX],32
  1162 00000C9B 59                              	POP	ECX
  1163 00000C9C 58                              	POP	EAX
  1164 00000C9D 75 05                           	JNE	L122
  1165 00000C9F                                 L120:
  1166 00000C9F 8B 5D FC                        	MOV	EBX,DWORD [-4+EBP]
  1167 00000CA2 C9                              	LEAVE
  1168 00000CA3 C3                              	RET
  1169 00000CA4                                 L122:
  1170 00000CA4 6A 03                           	PUSH	3
  1171 00000CA6 8B 43 24                        	MOV	EAX,DWORD [36+EBX]
  1172 00000CA9 83 C0 10                        	ADD	EAX,16
  1173 00000CAC 50                              	PUSH	EAX
  1174 00000CAD E8 [00000000]                   	CALL	_fifo32_put
  1175 00000CB2 58                              	POP	EAX
  1176 00000CB3 5A                              	POP	EDX
  1177 00000CB4 EB E9                           	JMP	L120
  1178 00000CB6                                 	GLOBAL	_keywin_on
  1179 00000CB6                                 _keywin_on:
  1180 00000CB6 55                              	PUSH	EBP
  1181 00000CB7 89 E5                           	MOV	EBP,ESP
  1182 00000CB9 53                              	PUSH	EBX
  1183 00000CBA 6A 01                           	PUSH	1
  1184 00000CBC 8B 5D 08                        	MOV	EBX,DWORD [8+EBP]
  1185 00000CBF 53                              	PUSH	EBX
  1186 00000CC0 E8 [00000000]                   	CALL	_change_wtitle8
  1187 00000CC5 F6 43 1C 20                     	TEST	BYTE [28+EBX],32
  1188 00000CC9 59                              	POP	ECX
  1189 00000CCA 58                              	POP	EAX
  1190 00000CCB 75 05                           	JNE	L125
  1191 00000CCD                                 L123:
  1192 00000CCD 8B 5D FC                        	MOV	EBX,DWORD [-4+EBP]
  1193 00000CD0 C9                              	LEAVE
  1194 00000CD1 C3                              	RET
  1195 00000CD2                                 L125:
  1196 00000CD2 6A 02                           	PUSH	2
  1197 00000CD4 8B 43 24                        	MOV	EAX,DWORD [36+EBX]
  1198 00000CD7 83 C0 10                        	ADD	EAX,16
  1199 00000CDA 50                              	PUSH	EAX
  1200 00000CDB E8 [00000000]                   	CALL	_fifo32_put
  1201 00000CE0 58                              	POP	EAX
  1202 00000CE1 5A                              	POP	EDX
  1203 00000CE2 EB E9                           	JMP	L123
  1204 00000CE4                                 	GLOBAL	_open_constask
  1205 00000CE4                                 _open_constask:
  1206 00000CE4 55                              	PUSH	EBP
  1207 00000CE5 89 E5                           	MOV	EBP,ESP
  1208 00000CE7 56                              	PUSH	ESI
  1209 00000CE8 53                              	PUSH	EBX
  1210 00000CE9 E8 [00000000]                   	CALL	_task_alloc
  1211 00000CEE 68 00000200                     	PUSH	512
  1212 00000CF3 68 003C0000                     	PUSH	3932160
  1213 00000CF8 89 C3                           	MOV	EBX,EAX
  1214 00000CFA E8 [00000000]                   	CALL	_memman_alloc_4k
  1215 00000CFF 68 00010000                     	PUSH	65536
  1216 00000D04 68 003C0000                     	PUSH	3932160
  1217 00000D09 89 C6                           	MOV	ESI,EAX
  1218 00000D0B E8 [00000000]                   	CALL	_memman_alloc_4k
  1219 00000D10 8B 55 08                        	MOV	EDX,DWORD [8+EBP]
  1220 00000D13 C7 43 4C [00000000]             	MOV	DWORD [76+EBX],_console_task
  1221 00000D1A 89 83 000000AC                  	MOV	DWORD [172+EBX],EAX
  1222 00000D20 05 0000FFF4                     	ADD	EAX,65524
  1223 00000D25 89 43 64                        	MOV	DWORD [100+EBX],EAX
  1224 00000D28 C7 43 74 00000008               	MOV	DWORD [116+EBX],8
  1225 00000D2F C7 43 78 00000010               	MOV	DWORD [120+EBX],16
  1226 00000D36 C7 43 7C 00000008               	MOV	DWORD [124+EBX],8
  1227 00000D3D C7 83 00000080 00000008         	MOV	DWORD [128+EBX],8
  1228 00000D47 C7 83 00000084 00000008         	MOV	DWORD [132+EBX],8
  1229 00000D51 C7 83 00000088 00000008         	MOV	DWORD [136+EBX],8
  1230 00000D5B 89 50 04                        	MOV	DWORD [4+EAX],EDX
  1231 00000D5E 8B 53 64                        	MOV	EDX,DWORD [100+EBX]
  1232 00000D61 8B 45 0C                        	MOV	EAX,DWORD [12+EBP]
  1233 00000D64 89 42 08                        	MOV	DWORD [8+EDX],EAX
  1234 00000D67 6A 02                           	PUSH	2
  1235 00000D69 6A 02                           	PUSH	2
  1236 00000D6B 53                              	PUSH	EBX
  1237 00000D6C E8 [00000000]                   	CALL	_task_run
  1238 00000D71 8D 43 10                        	LEA	EAX,DWORD [16+EBX]
  1239 00000D74 53                              	PUSH	EBX
  1240 00000D75 56                              	PUSH	ESI
  1241 00000D76 68 00000080                     	PUSH	128
  1242 00000D7B 50                              	PUSH	EAX
  1243 00000D7C E8 [00000000]                   	CALL	_fifo32_init
  1244 00000D81 8D 65 F8                        	LEA	ESP,DWORD [-8+EBP]
  1245 00000D84 89 D8                           	MOV	EAX,EBX
  1246 00000D86 5B                              	POP	EBX
  1247 00000D87 5E                              	POP	ESI
  1248 00000D88 5D                              	POP	EBP
  1249 00000D89 C3                              	RET
  1250                                          [SECTION .data]
  1251 00000139                                 LC5:
  1252 00000139 53 70 61 63 65 4F 53 20 54 65   	DB	"SpaceOS Terminal",0x00
       00000143 72 6D 69 6E 61 6C 00 
  1253                                          [SECTION .text]
  1254 00000D8A                                 	GLOBAL	_open_console
  1255 00000D8A                                 _open_console:
  1256 00000D8A 55                              	PUSH	EBP
  1257 00000D8B 89 E5                           	MOV	EBP,ESP
  1258 00000D8D 56                              	PUSH	ESI
  1259 00000D8E 53                              	PUSH	EBX
  1260 00000D8F FF 75 08                        	PUSH	DWORD [8+EBP]
  1261 00000D92 E8 [00000000]                   	CALL	_sheet_alloc
  1262 00000D97 68 0000A500                     	PUSH	42240
  1263 00000D9C 68 003C0000                     	PUSH	3932160
  1264 00000DA1 89 C3                           	MOV	EBX,EAX
  1265 00000DA3 E8 [00000000]                   	CALL	_memman_alloc_4k
  1266 00000DA8 6A FF                           	PUSH	-1
  1267 00000DAA 68 000000A5                     	PUSH	165
  1268 00000DAF 89 C6                           	MOV	ESI,EAX
  1269 00000DB1 68 00000100                     	PUSH	256
  1270 00000DB6 50                              	PUSH	EAX
  1271 00000DB7 53                              	PUSH	EBX
  1272 00000DB8 E8 [00000000]                   	CALL	_sheet_setbuf
  1273 00000DBD 83 C4 20                        	ADD	ESP,32
  1274 00000DC0 6A 00                           	PUSH	0
  1275 00000DC2 68 [00000139]                   	PUSH	LC5
  1276 00000DC7 68 000000A5                     	PUSH	165
  1277 00000DCC 68 00000100                     	PUSH	256
  1278 00000DD1 56                              	PUSH	ESI
  1279 00000DD2 E8 [00000000]                   	CALL	_make_window8
  1280 00000DD7 6A 00                           	PUSH	0
  1281 00000DD9 68 00000080                     	PUSH	128
  1282 00000DDE 68 000000F0                     	PUSH	240
  1283 00000DE3 6A 1C                           	PUSH	28
  1284 00000DE5 6A 08                           	PUSH	8
  1285 00000DE7 53                              	PUSH	EBX
  1286 00000DE8 E8 [00000000]                   	CALL	_make_textbox8
  1287 00000DED 83 C4 2C                        	ADD	ESP,44
  1288 00000DF0 FF 75 0C                        	PUSH	DWORD [12+EBP]
  1289 00000DF3 53                              	PUSH	EBX
  1290 00000DF4 E8 FFFFFEEB                     	CALL	_open_constask
  1291 00000DF9 83 4B 1C 20                     	OR	DWORD [28+EBX],32
  1292 00000DFD 89 43 24                        	MOV	DWORD [36+EBX],EAX
  1293 00000E00 8D 65 F8                        	LEA	ESP,DWORD [-8+EBP]
  1294 00000E03 89 D8                           	MOV	EAX,EBX
  1295 00000E05 5B                              	POP	EBX
  1296 00000E06 5E                              	POP	ESI
  1297 00000E07 5D                              	POP	EBP
  1298 00000E08 C3                              	RET
  1299 00000E09                                 	GLOBAL	_close_constask
  1300 00000E09                                 _close_constask:
  1301 00000E09 55                              	PUSH	EBP
  1302 00000E0A 89 E5                           	MOV	EBP,ESP
  1303 00000E0C 53                              	PUSH	EBX
  1304 00000E0D 8B 5D 08                        	MOV	EBX,DWORD [8+EBP]
  1305 00000E10 53                              	PUSH	EBX
  1306 00000E11 E8 [00000000]                   	CALL	_task_sleep
  1307 00000E16 68 00010000                     	PUSH	65536
  1308 00000E1B FF B3 000000AC                  	PUSH	DWORD [172+EBX]
  1309 00000E21 68 003C0000                     	PUSH	3932160
  1310 00000E26 E8 [00000000]                   	CALL	_memman_free_4k
  1311 00000E2B 68 00000200                     	PUSH	512
  1312 00000E30 FF 73 10                        	PUSH	DWORD [16+EBX]
  1313 00000E33 68 003C0000                     	PUSH	3932160
  1314 00000E38 E8 [00000000]                   	CALL	_memman_free_4k
  1315 00000E3D C7 43 04 00000000               	MOV	DWORD [4+EBX],0
  1316 00000E44 8B 5D FC                        	MOV	EBX,DWORD [-4+EBP]
  1317 00000E47 C9                              	LEAVE
  1318 00000E48 C3                              	RET
  1319 00000E49                                 	GLOBAL	_close_console
  1320 00000E49                                 _close_console:
  1321 00000E49 55                              	PUSH	EBP
  1322 00000E4A 89 E5                           	MOV	EBP,ESP
  1323 00000E4C 56                              	PUSH	ESI
  1324 00000E4D 53                              	PUSH	EBX
  1325 00000E4E 8B 5D 08                        	MOV	EBX,DWORD [8+EBP]
  1326 00000E51 8B 73 24                        	MOV	ESI,DWORD [36+EBX]
  1327 00000E54 68 0000A500                     	PUSH	42240
  1328 00000E59 FF 33                           	PUSH	DWORD [EBX]
  1329 00000E5B 68 003C0000                     	PUSH	3932160
  1330 00000E60 E8 [00000000]                   	CALL	_memman_free_4k
  1331 00000E65 53                              	PUSH	EBX
  1332 00000E66 E8 [00000000]                   	CALL	_sheet_free
  1333 00000E6B 89 75 08                        	MOV	DWORD [8+EBP],ESI
  1334 00000E6E 83 C4 10                        	ADD	ESP,16
  1335 00000E71 8D 65 F8                        	LEA	ESP,DWORD [-8+EBP]
  1336 00000E74 5B                              	POP	EBX
  1337 00000E75 5E                              	POP	ESI
  1338 00000E76 5D                              	POP	EBP
  1339 00000E77 EB 90                           	JMP	_close_constask
