     1 00000000                                 [FORMAT "WCOFF"]
     2 00000000                                 [INSTRSET "i486p"]
     3 00000000                                 [OPTIMIZE 1]
     4 00000000                                 [OPTION 1]
     5 00000000                                 [BITS 32]
     6 00000000                                 	EXTERN	_table_rgb.0
     7 00000000                                 	EXTERN	_io_load_eflags
     8 00000000                                 	EXTERN	_io_cli
     9 00000000                                 	EXTERN	_io_out8
    10 00000000                                 	EXTERN	_io_store_eflags
    11 00000000                                 	EXTERN	_task_now
    12 00000000                                 	EXTERN	_hankaku
    13 00000000                                 [FILE "graphic.c"]
    14                                          [SECTION .data]
    15 00000000                                 _table_rgb.0:
    16 00000000 00                              	DB	0
    17 00000001 00                              	DB	0
    18 00000002 00                              	DB	0
    19 00000003 FF                              	DB	-1
    20 00000004 00                              	DB	0
    21 00000005 00                              	DB	0
    22 00000006 00                              	DB	0
    23 00000007 FF                              	DB	-1
    24 00000008 00                              	DB	0
    25 00000009 FF                              	DB	-1
    26 0000000A FF                              	DB	-1
    27 0000000B 00                              	DB	0
    28 0000000C 00                              	DB	0
    29 0000000D 00                              	DB	0
    30 0000000E FF                              	DB	-1
    31 0000000F FF                              	DB	-1
    32 00000010 00                              	DB	0
    33 00000011 FF                              	DB	-1
    34 00000012 00                              	DB	0
    35 00000013 FF                              	DB	-1
    36 00000014 FF                              	DB	-1
    37 00000015 FF                              	DB	-1
    38 00000016 FF                              	DB	-1
    39 00000017 FF                              	DB	-1
    40 00000018 C6                              	DB	-58
    41 00000019 C6                              	DB	-58
    42 0000001A C6                              	DB	-58
    43 0000001B 84                              	DB	-124
    44 0000001C 00                              	DB	0
    45 0000001D 00                              	DB	0
    46 0000001E 00                              	DB	0
    47 0000001F 84                              	DB	-124
    48 00000020 00                              	DB	0
    49 00000021 84                              	DB	-124
    50 00000022 84                              	DB	-124
    51 00000023 00                              	DB	0
    52 00000024 00                              	DB	0
    53 00000025 00                              	DB	0
    54 00000026 84                              	DB	-124
    55 00000027 84                              	DB	-124
    56 00000028 00                              	DB	0
    57 00000029 84                              	DB	-124
    58 0000002A 00                              	DB	0
    59 0000002B 84                              	DB	-124
    60 0000002C 84                              	DB	-124
    61 0000002D 84                              	DB	-124
    62 0000002E 84                              	DB	-124
    63 0000002F 84                              	DB	-124
    64                                          [SECTION .text]
    65 00000000                                 	GLOBAL	_init_palette
    66 00000000                                 _init_palette:
    67 00000000 55                              	PUSH	EBP
    68 00000001 89 E5                           	MOV	EBP,ESP
    69 00000003 57                              	PUSH	EDI
    70 00000004 56                              	PUSH	ESI
    71 00000005 53                              	PUSH	EBX
    72 00000006 81 EC 000002A4                  	SUB	ESP,676
    73 0000000C 68 [00000000]                   	PUSH	_table_rgb.0
    74 00000011 6A 0F                           	PUSH	15
    75 00000013 6A 00                           	PUSH	0
    76 00000015 E8 000000B4                     	CALL	_set_palette
    77 0000001A 83 C4 0C                        	ADD	ESP,12
    78 0000001D C7 85 FFFFFD60 00000000         	MOV	DWORD [-672+EBP],0
    79 00000027 C7 85 FFFFFD5C 00000000         	MOV	DWORD [-676+EBP],0
    80 00000031 C7 85 FFFFFD58 00000000         	MOV	DWORD [-680+EBP],0
    81 0000003B                                 L16:
    82 0000003B 31 FF                           	XOR	EDI,EDI
    83 0000003D 31 F6                           	XOR	ESI,ESI
    84 0000003F 31 DB                           	XOR	EBX,EBX
    85 00000041                                 L15:
    86 00000041 31 D2                           	XOR	EDX,EDX
    87 00000043 C7 85 FFFFFD50 00000000         	MOV	DWORD [-688+EBP],0
    88 0000004D                                 L14:
    89 0000004D 8B 85 FFFFFD58                  	MOV	EAX,DWORD [-680+EBP]
    90 00000053 8A 8D FFFFFD50                  	MOV	CL,BYTE [-688+EBP]
    91 00000059 01 D8                           	ADD	EAX,EBX
    92 0000005B 01 D0                           	ADD	EAX,EDX
    93 0000005D 42                              	INC	EDX
    94 0000005E 6B C0 03                        	IMUL	EAX,EAX,3
    95 00000061 88 8C 05 FFFFFD64               	MOV	BYTE [-668+EBP+EAX*1],CL
    96 00000068 89 F1                           	MOV	ECX,ESI
    97 0000006A 88 8C 05 FFFFFD65               	MOV	BYTE [-667+EBP+EAX*1],CL
    98 00000071 8A 8D FFFFFD5C                  	MOV	CL,BYTE [-676+EBP]
    99 00000077 88 8C 05 FFFFFD66               	MOV	BYTE [-666+EBP+EAX*1],CL
   100 0000007E 83 85 FFFFFD50 33               	ADD	DWORD [-688+EBP],51
   101 00000085 83 FA 05                        	CMP	EDX,5
   102 00000088 7E C3                           	JLE	L14
   103 0000008A 47                              	INC	EDI
   104 0000008B 83 C6 33                        	ADD	ESI,51
   105 0000008E 83 C3 06                        	ADD	EBX,6
   106 00000091 83 FF 05                        	CMP	EDI,5
   107 00000094 7E AB                           	JLE	L15
   108 00000096 FF 85 FFFFFD60                  	INC	DWORD [-672+EBP]
   109 0000009C 83 85 FFFFFD5C 33               	ADD	DWORD [-676+EBP],51
   110 000000A3 83 85 FFFFFD58 24               	ADD	DWORD [-680+EBP],36
   111 000000AA 83 BD FFFFFD60 05               	CMP	DWORD [-672+EBP],5
   112 000000B1 7E 88                           	JLE	L16
   113 000000B3 8D 85 FFFFFD64                  	LEA	EAX,DWORD [-668+EBP]
   114 000000B9 50                              	PUSH	EAX
   115 000000BA 68 000000E7                     	PUSH	231
   116 000000BF 6A 10                           	PUSH	16
   117 000000C1 E8 00000008                     	CALL	_set_palette
   118 000000C6 8D 65 F4                        	LEA	ESP,DWORD [-12+EBP]
   119 000000C9 5B                              	POP	EBX
   120 000000CA 5E                              	POP	ESI
   121 000000CB 5F                              	POP	EDI
   122 000000CC 5D                              	POP	EBP
   123 000000CD C3                              	RET
   124 000000CE                                 	GLOBAL	_set_palette
   125 000000CE                                 _set_palette:
   126 000000CE 55                              	PUSH	EBP
   127 000000CF 89 E5                           	MOV	EBP,ESP
   128 000000D1 57                              	PUSH	EDI
   129 000000D2 56                              	PUSH	ESI
   130 000000D3 53                              	PUSH	EBX
   131 000000D4 51                              	PUSH	ECX
   132 000000D5 8B 5D 08                        	MOV	EBX,DWORD [8+EBP]
   133 000000D8 8B 7D 0C                        	MOV	EDI,DWORD [12+EBP]
   134 000000DB 8B 75 10                        	MOV	ESI,DWORD [16+EBP]
   135 000000DE E8 [00000000]                   	CALL	_io_load_eflags
   136 000000E3 89 45 F0                        	MOV	DWORD [-16+EBP],EAX
   137 000000E6 E8 [00000000]                   	CALL	_io_cli
   138 000000EB 53                              	PUSH	EBX
   139 000000EC 68 000003C8                     	PUSH	968
   140 000000F1 E8 [00000000]                   	CALL	_io_out8
   141 000000F6 39 FB                           	CMP	EBX,EDI
   142 000000F8 58                              	POP	EAX
   143 000000F9 5A                              	POP	EDX
   144 000000FA 7E 12                           	JLE	L28
   145 000000FC                                 L30:
   146 000000FC 8B 45 F0                        	MOV	EAX,DWORD [-16+EBP]
   147 000000FF 89 45 08                        	MOV	DWORD [8+EBP],EAX
   148 00000102 8D 65 F4                        	LEA	ESP,DWORD [-12+EBP]
   149 00000105 5B                              	POP	EBX
   150 00000106 5E                              	POP	ESI
   151 00000107 5F                              	POP	EDI
   152 00000108 5D                              	POP	EBP
   153 00000109 E9 [00000000]                   	JMP	_io_store_eflags
   154 0000010E                                 L28:
   155 0000010E 8A 06                           	MOV	AL,BYTE [ESI]
   156 00000110 43                              	INC	EBX
   157 00000111 C0 E8 02                        	SHR	AL,2
   158 00000114 0F B6 C0                        	MOVZX	EAX,AL
   159 00000117 50                              	PUSH	EAX
   160 00000118 68 000003C9                     	PUSH	969
   161 0000011D E8 [00000000]                   	CALL	_io_out8
   162 00000122 8A 46 01                        	MOV	AL,BYTE [1+ESI]
   163 00000125 C0 E8 02                        	SHR	AL,2
   164 00000128 0F B6 C0                        	MOVZX	EAX,AL
   165 0000012B 50                              	PUSH	EAX
   166 0000012C 68 000003C9                     	PUSH	969
   167 00000131 E8 [00000000]                   	CALL	_io_out8
   168 00000136 8A 46 02                        	MOV	AL,BYTE [2+ESI]
   169 00000139 C0 E8 02                        	SHR	AL,2
   170 0000013C 83 C6 03                        	ADD	ESI,3
   171 0000013F 0F B6 C0                        	MOVZX	EAX,AL
   172 00000142 50                              	PUSH	EAX
   173 00000143 68 000003C9                     	PUSH	969
   174 00000148 E8 [00000000]                   	CALL	_io_out8
   175 0000014D 83 C4 18                        	ADD	ESP,24
   176 00000150 39 FB                           	CMP	EBX,EDI
   177 00000152 7E BA                           	JLE	L28
   178 00000154 EB A6                           	JMP	L30
   179 00000156                                 	GLOBAL	_boxfill8
   180 00000156                                 _boxfill8:
   181 00000156 55                              	PUSH	EBP
   182 00000157 89 E5                           	MOV	EBP,ESP
   183 00000159 57                              	PUSH	EDI
   184 0000015A 56                              	PUSH	ESI
   185 0000015B 53                              	PUSH	EBX
   186 0000015C 57                              	PUSH	EDI
   187 0000015D 57                              	PUSH	EDI
   188 0000015E 8A 45 10                        	MOV	AL,BYTE [16+EBP]
   189 00000161 8B 4D 18                        	MOV	ECX,DWORD [24+EBP]
   190 00000164 8B 7D 1C                        	MOV	EDI,DWORD [28+EBP]
   191 00000167 88 45 F3                        	MOV	BYTE [-13+EBP],AL
   192 0000016A 3B 4D 20                        	CMP	ECX,DWORD [32+EBP]
   193 0000016D 7F 31                           	JG	L43
   194 0000016F 8B 5D 0C                        	MOV	EBX,DWORD [12+EBP]
   195 00000172 0F AF D9                        	IMUL	EBX,ECX
   196 00000175                                 L41:
   197 00000175 8B 55 14                        	MOV	EDX,DWORD [20+EBP]
   198 00000178 39 FA                           	CMP	EDX,EDI
   199 0000017A 7F 1B                           	JG	L45
   200 0000017C 8B 75 08                        	MOV	ESI,DWORD [8+EBP]
   201 0000017F 01 DE                           	ADD	ESI,EBX
   202 00000181 01 D6                           	ADD	ESI,EDX
   203 00000183 89 75 EC                        	MOV	DWORD [-20+EBP],ESI
   204 00000186                                 L40:
   205 00000186 8B 75 EC                        	MOV	ESI,DWORD [-20+EBP]
   206 00000189 8A 45 F3                        	MOV	AL,BYTE [-13+EBP]
   207 0000018C 42                              	INC	EDX
   208 0000018D 88 06                           	MOV	BYTE [ESI],AL
   209 0000018F 46                              	INC	ESI
   210 00000190 89 75 EC                        	MOV	DWORD [-20+EBP],ESI
   211 00000193 39 FA                           	CMP	EDX,EDI
   212 00000195 7E EF                           	JLE	L40
   213 00000197                                 L45:
   214 00000197 41                              	INC	ECX
   215 00000198 03 5D 0C                        	ADD	EBX,DWORD [12+EBP]
   216 0000019B 3B 4D 20                        	CMP	ECX,DWORD [32+EBP]
   217 0000019E 7E D5                           	JLE	L41
   218 000001A0                                 L43:
   219 000001A0 5B                              	POP	EBX
   220 000001A1 5E                              	POP	ESI
   221 000001A2 5B                              	POP	EBX
   222 000001A3 5E                              	POP	ESI
   223 000001A4 5F                              	POP	EDI
   224 000001A5 5D                              	POP	EBP
   225 000001A6 C3                              	RET
   226 000001A7                                 	GLOBAL	_init_screen8
   227 000001A7                                 _init_screen8:
   228 000001A7 55                              	PUSH	EBP
   229 000001A8 89 E5                           	MOV	EBP,ESP
   230 000001AA 57                              	PUSH	EDI
   231 000001AB 56                              	PUSH	ESI
   232 000001AC 53                              	PUSH	EBX
   233 000001AD 83 EC 0C                        	SUB	ESP,12
   234 000001B0 8B 45 10                        	MOV	EAX,DWORD [16+EBP]
   235 000001B3 8B 7D 0C                        	MOV	EDI,DWORD [12+EBP]
   236 000001B6 83 E8 1D                        	SUB	EAX,29
   237 000001B9 4F                              	DEC	EDI
   238 000001BA 50                              	PUSH	EAX
   239 000001BB 57                              	PUSH	EDI
   240 000001BC 6A 00                           	PUSH	0
   241 000001BE 6A 00                           	PUSH	0
   242 000001C0 6A 0E                           	PUSH	14
   243 000001C2 FF 75 0C                        	PUSH	DWORD [12+EBP]
   244 000001C5 FF 75 08                        	PUSH	DWORD [8+EBP]
   245 000001C8 E8 FFFFFF89                     	CALL	_boxfill8
   246 000001CD 8B 45 10                        	MOV	EAX,DWORD [16+EBP]
   247 000001D0 83 E8 1C                        	SUB	EAX,28
   248 000001D3 50                              	PUSH	EAX
   249 000001D4 57                              	PUSH	EDI
   250 000001D5 50                              	PUSH	EAX
   251 000001D6 6A 00                           	PUSH	0
   252 000001D8 6A 00                           	PUSH	0
   253 000001DA FF 75 0C                        	PUSH	DWORD [12+EBP]
   254 000001DD FF 75 08                        	PUSH	DWORD [8+EBP]
   255 000001E0 E8 FFFFFF71                     	CALL	_boxfill8
   256 000001E5 8B 45 10                        	MOV	EAX,DWORD [16+EBP]
   257 000001E8 83 C4 38                        	ADD	ESP,56
   258 000001EB 83 E8 1B                        	SUB	EAX,27
   259 000001EE 50                              	PUSH	EAX
   260 000001EF 57                              	PUSH	EDI
   261 000001F0 50                              	PUSH	EAX
   262 000001F1 6A 00                           	PUSH	0
   263 000001F3 6A 07                           	PUSH	7
   264 000001F5 FF 75 0C                        	PUSH	DWORD [12+EBP]
   265 000001F8 FF 75 08                        	PUSH	DWORD [8+EBP]
   266 000001FB E8 FFFFFF56                     	CALL	_boxfill8
   267 00000200 8B 45 10                        	MOV	EAX,DWORD [16+EBP]
   268 00000203 48                              	DEC	EAX
   269 00000204 50                              	PUSH	EAX
   270 00000205 8B 45 10                        	MOV	EAX,DWORD [16+EBP]
   271 00000208 57                              	PUSH	EDI
   272 00000209 83 E8 1A                        	SUB	EAX,26
   273 0000020C 50                              	PUSH	EAX
   274 0000020D 6A 00                           	PUSH	0
   275 0000020F 6A 07                           	PUSH	7
   276 00000211 FF 75 0C                        	PUSH	DWORD [12+EBP]
   277 00000214 FF 75 08                        	PUSH	DWORD [8+EBP]
   278 00000217 E8 FFFFFF3A                     	CALL	_boxfill8
   279 0000021C 8B 75 10                        	MOV	ESI,DWORD [16+EBP]
   280 0000021F 83 C4 38                        	ADD	ESP,56
   281 00000222 83 EE 18                        	SUB	ESI,24
   282 00000225 56                              	PUSH	ESI
   283 00000226 6A 3B                           	PUSH	59
   284 00000228 56                              	PUSH	ESI
   285 00000229 6A 03                           	PUSH	3
   286 0000022B 6A 00                           	PUSH	0
   287 0000022D FF 75 0C                        	PUSH	DWORD [12+EBP]
   288 00000230 FF 75 08                        	PUSH	DWORD [8+EBP]
   289 00000233 E8 FFFFFF1E                     	CALL	_boxfill8
   290 00000238 8B 45 10                        	MOV	EAX,DWORD [16+EBP]
   291 0000023B 83 E8 04                        	SUB	EAX,4
   292 0000023E 50                              	PUSH	EAX
   293 0000023F 89 45 F0                        	MOV	DWORD [-16+EBP],EAX
   294 00000242 6A 02                           	PUSH	2
   295 00000244 56                              	PUSH	ESI
   296 00000245 6A 02                           	PUSH	2
   297 00000247 6A 00                           	PUSH	0
   298 00000249 FF 75 0C                        	PUSH	DWORD [12+EBP]
   299 0000024C FF 75 08                        	PUSH	DWORD [8+EBP]
   300 0000024F E8 FFFFFF02                     	CALL	_boxfill8
   301 00000254 83 C4 38                        	ADD	ESP,56
   302 00000257 FF 75 F0                        	PUSH	DWORD [-16+EBP]
   303 0000025A 6A 3B                           	PUSH	59
   304 0000025C FF 75 F0                        	PUSH	DWORD [-16+EBP]
   305 0000025F 6A 03                           	PUSH	3
   306 00000261 6A 07                           	PUSH	7
   307 00000263 FF 75 0C                        	PUSH	DWORD [12+EBP]
   308 00000266 FF 75 08                        	PUSH	DWORD [8+EBP]
   309 00000269 E8 FFFFFEE8                     	CALL	_boxfill8
   310 0000026E 8B 45 10                        	MOV	EAX,DWORD [16+EBP]
   311 00000271 83 E8 05                        	SUB	EAX,5
   312 00000274 50                              	PUSH	EAX
   313 00000275 8B 45 10                        	MOV	EAX,DWORD [16+EBP]
   314 00000278 6A 3B                           	PUSH	59
   315 0000027A 83 E8 17                        	SUB	EAX,23
   316 0000027D 50                              	PUSH	EAX
   317 0000027E 89 45 EC                        	MOV	DWORD [-20+EBP],EAX
   318 00000281 6A 3B                           	PUSH	59
   319 00000283 6A 07                           	PUSH	7
   320 00000285 FF 75 0C                        	PUSH	DWORD [12+EBP]
   321 00000288 FF 75 08                        	PUSH	DWORD [8+EBP]
   322 0000028B E8 FFFFFEC6                     	CALL	_boxfill8
   323 00000290 8B 45 10                        	MOV	EAX,DWORD [16+EBP]
   324 00000293 83 C4 38                        	ADD	ESP,56
   325 00000296 83 E8 03                        	SUB	EAX,3
   326 00000299 89 45 E8                        	MOV	DWORD [-24+EBP],EAX
   327 0000029C 50                              	PUSH	EAX
   328 0000029D 6A 3B                           	PUSH	59
   329 0000029F 50                              	PUSH	EAX
   330 000002A0 6A 02                           	PUSH	2
   331 000002A2 6A 00                           	PUSH	0
   332 000002A4 FF 75 0C                        	PUSH	DWORD [12+EBP]
   333 000002A7 FF 75 08                        	PUSH	DWORD [8+EBP]
   334 000002AA E8 FFFFFEA7                     	CALL	_boxfill8
   335 000002AF FF 75 E8                        	PUSH	DWORD [-24+EBP]
   336 000002B2 6A 3C                           	PUSH	60
   337 000002B4 56                              	PUSH	ESI
   338 000002B5 6A 3C                           	PUSH	60
   339 000002B7 6A 00                           	PUSH	0
   340 000002B9 FF 75 0C                        	PUSH	DWORD [12+EBP]
   341 000002BC FF 75 08                        	PUSH	DWORD [8+EBP]
   342 000002BF E8 FFFFFE92                     	CALL	_boxfill8
   343 000002C4 8B 7D 0C                        	MOV	EDI,DWORD [12+EBP]
   344 000002C7 83 C4 38                        	ADD	ESP,56
   345 000002CA 8B 5D 0C                        	MOV	EBX,DWORD [12+EBP]
   346 000002CD 83 EB 04                        	SUB	EBX,4
   347 000002D0 83 EF 2F                        	SUB	EDI,47
   348 000002D3 56                              	PUSH	ESI
   349 000002D4 53                              	PUSH	EBX
   350 000002D5 56                              	PUSH	ESI
   351 000002D6 57                              	PUSH	EDI
   352 000002D7 6A 00                           	PUSH	0
   353 000002D9 FF 75 0C                        	PUSH	DWORD [12+EBP]
   354 000002DC FF 75 08                        	PUSH	DWORD [8+EBP]
   355 000002DF E8 FFFFFE72                     	CALL	_boxfill8
   356 000002E4 FF 75 F0                        	PUSH	DWORD [-16+EBP]
   357 000002E7 57                              	PUSH	EDI
   358 000002E8 FF 75 EC                        	PUSH	DWORD [-20+EBP]
   359 000002EB 57                              	PUSH	EDI
   360 000002EC 6A 00                           	PUSH	0
   361 000002EE FF 75 0C                        	PUSH	DWORD [12+EBP]
   362 000002F1 FF 75 08                        	PUSH	DWORD [8+EBP]
   363 000002F4 E8 FFFFFE5D                     	CALL	_boxfill8
   364 000002F9 83 C4 38                        	ADD	ESP,56
   365 000002FC FF 75 E8                        	PUSH	DWORD [-24+EBP]
   366 000002FF 53                              	PUSH	EBX
   367 00000300 FF 75 E8                        	PUSH	DWORD [-24+EBP]
   368 00000303 57                              	PUSH	EDI
   369 00000304 6A 00                           	PUSH	0
   370 00000306 FF 75 0C                        	PUSH	DWORD [12+EBP]
   371 00000309 FF 75 08                        	PUSH	DWORD [8+EBP]
   372 0000030C E8 FFFFFE45                     	CALL	_boxfill8
   373 00000311 8B 45 0C                        	MOV	EAX,DWORD [12+EBP]
   374 00000314 FF 75 E8                        	PUSH	DWORD [-24+EBP]
   375 00000317 83 E8 03                        	SUB	EAX,3
   376 0000031A 50                              	PUSH	EAX
   377 0000031B 56                              	PUSH	ESI
   378 0000031C 50                              	PUSH	EAX
   379 0000031D 6A 00                           	PUSH	0
   380 0000031F FF 75 0C                        	PUSH	DWORD [12+EBP]
   381 00000322 FF 75 08                        	PUSH	DWORD [8+EBP]
   382 00000325 E8 FFFFFE2C                     	CALL	_boxfill8
   383 0000032A 8D 65 F4                        	LEA	ESP,DWORD [-12+EBP]
   384 0000032D 5B                              	POP	EBX
   385 0000032E 5E                              	POP	ESI
   386 0000032F 5F                              	POP	EDI
   387 00000330 5D                              	POP	EBP
   388 00000331 C3                              	RET
   389 00000332                                 	GLOBAL	_putfont8
   390 00000332                                 _putfont8:
   391 00000332 55                              	PUSH	EBP
   392 00000333 89 E5                           	MOV	EBP,ESP
   393 00000335 57                              	PUSH	EDI
   394 00000336 56                              	PUSH	ESI
   395 00000337 31 F6                           	XOR	ESI,ESI
   396 00000339 53                              	PUSH	EBX
   397 0000033A 8B 7D 1C                        	MOV	EDI,DWORD [28+EBP]
   398 0000033D 8A 5D 18                        	MOV	BL,BYTE [24+EBP]
   399 00000340                                 L60:
   400 00000340 8B 45 14                        	MOV	EAX,DWORD [20+EBP]
   401 00000343 8B 55 10                        	MOV	EDX,DWORD [16+EBP]
   402 00000346 01 F0                           	ADD	EAX,ESI
   403 00000348 0F AF 45 0C                     	IMUL	EAX,DWORD [12+EBP]
   404 0000034C 03 45 08                        	ADD	EAX,DWORD [8+EBP]
   405 0000034F 8D 0C 02                        	LEA	ECX,DWORD [EDX+EAX*1]
   406 00000352 8A 14 3E                        	MOV	DL,BYTE [ESI+EDI*1]
   407 00000355 84 D2                           	TEST	DL,DL
   408 00000357 79 02                           	JNS	L52
   409 00000359 88 19                           	MOV	BYTE [ECX],BL
   410 0000035B                                 L52:
   411 0000035B 88 D0                           	MOV	AL,DL
   412 0000035D 83 E0 40                        	AND	EAX,64
   413 00000360 84 C0                           	TEST	AL,AL
   414 00000362 74 03                           	JE	L53
   415 00000364 88 59 01                        	MOV	BYTE [1+ECX],BL
   416 00000367                                 L53:
   417 00000367 88 D0                           	MOV	AL,DL
   418 00000369 83 E0 20                        	AND	EAX,32
   419 0000036C 84 C0                           	TEST	AL,AL
   420 0000036E 74 03                           	JE	L54
   421 00000370 88 59 02                        	MOV	BYTE [2+ECX],BL
   422 00000373                                 L54:
   423 00000373 88 D0                           	MOV	AL,DL
   424 00000375 83 E0 10                        	AND	EAX,16
   425 00000378 84 C0                           	TEST	AL,AL
   426 0000037A 74 03                           	JE	L55
   427 0000037C 88 59 03                        	MOV	BYTE [3+ECX],BL
   428 0000037F                                 L55:
   429 0000037F 88 D0                           	MOV	AL,DL
   430 00000381 83 E0 08                        	AND	EAX,8
   431 00000384 84 C0                           	TEST	AL,AL
   432 00000386 74 03                           	JE	L56
   433 00000388 88 59 04                        	MOV	BYTE [4+ECX],BL
   434 0000038B                                 L56:
   435 0000038B 88 D0                           	MOV	AL,DL
   436 0000038D 83 E0 04                        	AND	EAX,4
   437 00000390 84 C0                           	TEST	AL,AL
   438 00000392 74 03                           	JE	L57
   439 00000394 88 59 05                        	MOV	BYTE [5+ECX],BL
   440 00000397                                 L57:
   441 00000397 88 D0                           	MOV	AL,DL
   442 00000399 83 E0 02                        	AND	EAX,2
   443 0000039C 84 C0                           	TEST	AL,AL
   444 0000039E 74 03                           	JE	L58
   445 000003A0 88 59 06                        	MOV	BYTE [6+ECX],BL
   446 000003A3                                 L58:
   447 000003A3 83 E2 01                        	AND	EDX,1
   448 000003A6 84 D2                           	TEST	DL,DL
   449 000003A8 74 03                           	JE	L50
   450 000003AA 88 59 07                        	MOV	BYTE [7+ECX],BL
   451 000003AD                                 L50:
   452 000003AD 46                              	INC	ESI
   453 000003AE 83 FE 0F                        	CMP	ESI,15
   454 000003B1 7E 8D                           	JLE	L60
   455 000003B3 5B                              	POP	EBX
   456 000003B4 5E                              	POP	ESI
   457 000003B5 5F                              	POP	EDI
   458 000003B6 5D                              	POP	EBP
   459 000003B7 C3                              	RET
   460 000003B8                                 	GLOBAL	_putfont32
   461 000003B8                                 _putfont32:
   462 000003B8 55                              	PUSH	EBP
   463 000003B9 89 E5                           	MOV	EBP,ESP
   464 000003BB 57                              	PUSH	EDI
   465 000003BC 56                              	PUSH	ESI
   466 000003BD 53                              	PUSH	EBX
   467 000003BE 83 EC 10                        	SUB	ESP,16
   468 000003C1 8A 45 18                        	MOV	AL,BYTE [24+EBP]
   469 000003C4 8B 55 10                        	MOV	EDX,DWORD [16+EBP]
   470 000003C7 88 45 F3                        	MOV	BYTE [-13+EBP],AL
   471 000003CA 8B 45 14                        	MOV	EAX,DWORD [20+EBP]
   472 000003CD 0F AF 45 0C                     	IMUL	EAX,DWORD [12+EBP]
   473 000003D1 03 45 08                        	ADD	EAX,DWORD [8+EBP]
   474 000003D4 C7 45 E8 00000001               	MOV	DWORD [-24+EBP],1
   475 000003DB 8D 3C 02                        	LEA	EDI,DWORD [EDX+EAX*1]
   476 000003DE C7 45 EC 00000000               	MOV	DWORD [-20+EBP],0
   477 000003E5                                 L80:
   478 000003E5 31 DB                           	XOR	EBX,EBX
   479 000003E7                                 L73:
   480 000003E7 8B 4D 1C                        	MOV	ECX,DWORD [28+EBP]
   481 000003EA 8B 45 EC                        	MOV	EAX,DWORD [-20+EBP]
   482 000003ED 0F BE 14 08                     	MOVSX	EDX,BYTE [EAX+ECX*1]
   483 000003F1 B8 00000080                     	MOV	EAX,128
   484 000003F6 88 D9                           	MOV	CL,BL
   485 000003F8 D3 F8                           	SAR	EAX,CL
   486 000003FA 85 C2                           	TEST	EDX,EAX
   487 000003FC 74 16                           	JE	L70
   488 000003FE 8B 45 EC                        	MOV	EAX,DWORD [-20+EBP]
   489 00000401 BA 00000002                     	MOV	EDX,2
   490 00000406 89 D1                           	MOV	ECX,EDX
   491 00000408 99                              	CDQ
   492 00000409 F7 F9                           	IDIV	ECX
   493 0000040B 8A 45 F3                        	MOV	AL,BYTE [-13+EBP]
   494 0000040E 8D 14 D3                        	LEA	EDX,DWORD [EBX+EDX*8]
   495 00000411 88 04 3A                        	MOV	BYTE [EDX+EDI*1],AL
   496 00000414                                 L70:
   497 00000414 43                              	INC	EBX
   498 00000415 83 FB 07                        	CMP	EBX,7
   499 00000418 7E CD                           	JLE	L73
   500 0000041A 31 DB                           	XOR	EBX,EBX
   501 0000041C                                 L78:
   502 0000041C 8B 45 EC                        	MOV	EAX,DWORD [-20+EBP]
   503 0000041F BA 00000002                     	MOV	EDX,2
   504 00000424 89 D1                           	MOV	ECX,EDX
   505 00000426 99                              	CDQ
   506 00000427 F7 F9                           	IDIV	ECX
   507 00000429 C1 E2 03                        	SAL	EDX,3
   508 0000042C 8D 0C 13                        	LEA	ECX,DWORD [EBX+EDX*1]
   509 0000042F 29 DA                           	SUB	EDX,EBX
   510 00000431 43                              	INC	EBX
   511 00000432 0F BE 34 39                     	MOVSX	ESI,BYTE [ECX+EDI*1]
   512 00000436 8A 44 3A 07                     	MOV	AL,BYTE [7+EDX+EDI*1]
   513 0000043A 83 FB 03                        	CMP	EBX,3
   514 0000043D 88 04 39                        	MOV	BYTE [ECX+EDI*1],AL
   515 00000440 89 F0                           	MOV	EAX,ESI
   516 00000442 88 44 3A 07                     	MOV	BYTE [7+EDX+EDI*1],AL
   517 00000446 7E D4                           	JLE	L78
   518 00000448 F7 45 EC 00000001               	TEST	DWORD [-20+EBP],1
   519 0000044F 74 16                           	JE	L66
   520 00000451 8B 45 14                        	MOV	EAX,DWORD [20+EBP]
   521 00000454 8B 55 10                        	MOV	EDX,DWORD [16+EBP]
   522 00000457 03 45 E8                        	ADD	EAX,DWORD [-24+EBP]
   523 0000045A FF 45 E8                        	INC	DWORD [-24+EBP]
   524 0000045D 0F AF 45 0C                     	IMUL	EAX,DWORD [12+EBP]
   525 00000461 03 45 08                        	ADD	EAX,DWORD [8+EBP]
   526 00000464 8D 3C 02                        	LEA	EDI,DWORD [EDX+EAX*1]
   527 00000467                                 L66:
   528 00000467 FF 45 EC                        	INC	DWORD [-20+EBP]
   529 0000046A 83 7D EC 0F                     	CMP	DWORD [-20+EBP],15
   530 0000046E 0F 8E FFFFFF71                  	JLE	L80
   531 00000474 C7 45 EC 00000000               	MOV	DWORD [-20+EBP],0
   532 0000047B                                 L97:
   533 0000047B 31 DB                           	XOR	EBX,EBX
   534 0000047D                                 L90:
   535 0000047D 8B 4D 20                        	MOV	ECX,DWORD [32+EBP]
   536 00000480 8B 45 EC                        	MOV	EAX,DWORD [-20+EBP]
   537 00000483 0F BE 14 08                     	MOVSX	EDX,BYTE [EAX+ECX*1]
   538 00000487 B8 00000080                     	MOV	EAX,128
   539 0000048C 88 D9                           	MOV	CL,BL
   540 0000048E D3 F8                           	SAR	EAX,CL
   541 00000490 85 C2                           	TEST	EDX,EAX
   542 00000492 74 16                           	JE	L87
   543 00000494 8B 45 EC                        	MOV	EAX,DWORD [-20+EBP]
   544 00000497 BA 00000002                     	MOV	EDX,2
   545 0000049C 89 D1                           	MOV	ECX,EDX
   546 0000049E 99                              	CDQ
   547 0000049F F7 F9                           	IDIV	ECX
   548 000004A1 8A 45 F3                        	MOV	AL,BYTE [-13+EBP]
   549 000004A4 8D 14 D3                        	LEA	EDX,DWORD [EBX+EDX*8]
   550 000004A7 88 04 3A                        	MOV	BYTE [EDX+EDI*1],AL
   551 000004AA                                 L87:
   552 000004AA 43                              	INC	EBX
   553 000004AB 83 FB 07                        	CMP	EBX,7
   554 000004AE 7E CD                           	JLE	L90
   555 000004B0 31 DB                           	XOR	EBX,EBX
   556 000004B2                                 L95:
   557 000004B2 8B 45 EC                        	MOV	EAX,DWORD [-20+EBP]
   558 000004B5 BA 00000002                     	MOV	EDX,2
   559 000004BA 89 D1                           	MOV	ECX,EDX
   560 000004BC 99                              	CDQ
   561 000004BD F7 F9                           	IDIV	ECX
   562 000004BF C1 E2 03                        	SAL	EDX,3
   563 000004C2 8D 0C 13                        	LEA	ECX,DWORD [EBX+EDX*1]
   564 000004C5 29 DA                           	SUB	EDX,EBX
   565 000004C7 43                              	INC	EBX
   566 000004C8 0F BE 34 39                     	MOVSX	ESI,BYTE [ECX+EDI*1]
   567 000004CC 8A 44 3A 07                     	MOV	AL,BYTE [7+EDX+EDI*1]
   568 000004D0 83 FB 03                        	CMP	EBX,3
   569 000004D3 88 04 39                        	MOV	BYTE [ECX+EDI*1],AL
   570 000004D6 89 F0                           	MOV	EAX,ESI
   571 000004D8 88 44 3A 07                     	MOV	BYTE [7+EDX+EDI*1],AL
   572 000004DC 7E D4                           	JLE	L95
   573 000004DE F7 45 EC 00000001               	TEST	DWORD [-20+EBP],1
   574 000004E5 74 16                           	JE	L83
   575 000004E7 8B 45 14                        	MOV	EAX,DWORD [20+EBP]
   576 000004EA 8B 55 10                        	MOV	EDX,DWORD [16+EBP]
   577 000004ED 03 45 E8                        	ADD	EAX,DWORD [-24+EBP]
   578 000004F0 FF 45 E8                        	INC	DWORD [-24+EBP]
   579 000004F3 0F AF 45 0C                     	IMUL	EAX,DWORD [12+EBP]
   580 000004F7 03 45 08                        	ADD	EAX,DWORD [8+EBP]
   581 000004FA 8D 3C 02                        	LEA	EDI,DWORD [EDX+EAX*1]
   582 000004FD                                 L83:
   583 000004FD FF 45 EC                        	INC	DWORD [-20+EBP]
   584 00000500 83 7D EC 0F                     	CMP	DWORD [-20+EBP],15
   585 00000504 0F 8E FFFFFF71                  	JLE	L97
   586 0000050A 83 C4 10                        	ADD	ESP,16
   587 0000050D 5B                              	POP	EBX
   588 0000050E 5E                              	POP	ESI
   589 0000050F 5F                              	POP	EDI
   590 00000510 5D                              	POP	EBP
   591 00000511 C3                              	RET
   592 00000512                                 	GLOBAL	_putfonts8_asc
   593 00000512                                 _putfonts8_asc:
   594 00000512 55                              	PUSH	EBP
   595 00000513 89 E5                           	MOV	EBP,ESP
   596 00000515 57                              	PUSH	EDI
   597 00000516 56                              	PUSH	ESI
   598 00000517 53                              	PUSH	EBX
   599 00000518 83 EC 0C                        	SUB	ESP,12
   600 0000051B 8A 45 18                        	MOV	AL,BYTE [24+EBP]
   601 0000051E 8B 7D 1C                        	MOV	EDI,DWORD [28+EBP]
   602 00000521 88 45 F3                        	MOV	BYTE [-13+EBP],AL
   603 00000524 E8 [00000000]                   	CALL	_task_now
   604 00000529 8B 15 00000FE8                  	MOV	EDX,DWORD [4072]
   605 0000052F 89 45 EC                        	MOV	DWORD [-20+EBP],EAX
   606 00000532 89 55 E8                        	MOV	DWORD [-24+EBP],EDX
   607 00000535 80 B8 000000BC 00               	CMP	BYTE [188+EAX],0
   608 0000053C 75 09                           	JNE	L111
   609 0000053E 80 3F 00                        	CMP	BYTE [EDI],0
   610 00000541 0F 85 00000296                  	JNE	L116
   611 00000547                                 L111:
   612 00000547 8B 4D EC                        	MOV	ECX,DWORD [-20+EBP]
   613 0000054A 80 B9 000000BC 01               	CMP	BYTE [188+ECX],1
   614 00000551 0F 84 0000017F                  	JE	L158
   615 00000557                                 L117:
   616 00000557 8B 4D EC                        	MOV	ECX,DWORD [-20+EBP]
   617 0000055A 80 B9 000000BC 02               	CMP	BYTE [188+ECX],2
   618 00000561 0F 84 000000B1                  	JE	L159
   619 00000567                                 L134:
   620 00000567 8B 4D EC                        	MOV	ECX,DWORD [-20+EBP]
   621 0000056A 80 B9 000000BC 03               	CMP	BYTE [188+ECX],3
   622 00000571 74 08                           	JE	L160
   623 00000573                                 L110:
   624 00000573 8D 65 F4                        	LEA	ESP,DWORD [-12+EBP]
   625 00000576 5B                              	POP	EBX
   626 00000577 5E                              	POP	ESI
   627 00000578 5F                              	POP	EDI
   628 00000579 5D                              	POP	EBP
   629 0000057A C3                              	RET
   630 0000057B                                 L160:
   631 0000057B 80 3F 00                        	CMP	BYTE [EDI],0
   632 0000057E 74 F3                           	JE	L110
   633 00000580                                 L153:
   634 00000580 8B 55 EC                        	MOV	EDX,DWORD [-20+EBP]
   635 00000583 8A 82 000000BD                  	MOV	AL,BYTE [189+EDX]
   636 00000589 84 C0                           	TEST	AL,AL
   637 0000058B 75 45                           	JNE	L149
   638 0000058D 8A 17                           	MOV	DL,BYTE [EDI]
   639 0000058F 8D 42 5F                        	LEA	EAX,DWORD [95+EDX]
   640 00000592 3C 5D                           	CMP	AL,93
   641 00000594 77 15                           	JA	L150
   642 00000596 8B 4D EC                        	MOV	ECX,DWORD [-20+EBP]
   643 00000599 88 91 000000BD                  	MOV	BYTE [189+ECX],DL
   644 0000059F                                 L152:
   645 0000059F 83 45 10 08                     	ADD	DWORD [16+EBP],8
   646 000005A3 47                              	INC	EDI
   647 000005A4 80 3F 00                        	CMP	BYTE [EDI],0
   648 000005A7 75 D7                           	JNE	L153
   649 000005A9 EB C8                           	JMP	L110
   650 000005AB                                 L150:
   651 000005AB 0F B6 C2                        	MOVZX	EAX,DL
   652 000005AE C1 E0 04                        	SAL	EAX,4
   653 000005B1 05 [00000000]                   	ADD	EAX,_hankaku
   654 000005B6 50                              	PUSH	EAX
   655 000005B7 0F BE 45 F3                     	MOVSX	EAX,BYTE [-13+EBP]
   656 000005BB 50                              	PUSH	EAX
   657 000005BC FF 75 14                        	PUSH	DWORD [20+EBP]
   658 000005BF FF 75 10                        	PUSH	DWORD [16+EBP]
   659 000005C2 FF 75 0C                        	PUSH	DWORD [12+EBP]
   660 000005C5 FF 75 08                        	PUSH	DWORD [8+EBP]
   661 000005C8 E8 FFFFFD65                     	CALL	_putfont8
   662 000005CD 83 C4 18                        	ADD	ESP,24
   663 000005D0 EB CD                           	JMP	L152
   664 000005D2                                 L149:
   665 000005D2 0F B6 C0                        	MOVZX	EAX,AL
   666 000005D5 6B C0 5E                        	IMUL	EAX,EAX,94
   667 000005D8 0F B6 17                        	MOVZX	EDX,BYTE [EDI]
   668 000005DB 8B 4D EC                        	MOV	ECX,DWORD [-20+EBP]
   669 000005DE 8D 84 02 FFFFC441               	LEA	EAX,DWORD [-15295+EDX+EAX*1]
   670 000005E5 C6 81 000000BD 00               	MOV	BYTE [189+ECX],0
   671 000005EC C1 E0 05                        	SAL	EAX,5
   672 000005EF 8B 55 E8                        	MOV	EDX,DWORD [-24+EBP]
   673 000005F2 01 C2                           	ADD	EDX,EAX
   674 000005F4 8D 42 10                        	LEA	EAX,DWORD [16+EDX]
   675 000005F7 50                              	PUSH	EAX
   676 000005F8 52                              	PUSH	EDX
   677 000005F9 0F BE 45 F3                     	MOVSX	EAX,BYTE [-13+EBP]
   678 000005FD 50                              	PUSH	EAX
   679 000005FE 8B 45 10                        	MOV	EAX,DWORD [16+EBP]
   680 00000601 FF 75 14                        	PUSH	DWORD [20+EBP]
   681 00000604 83 E8 08                        	SUB	EAX,8
   682 00000607 50                              	PUSH	EAX
   683 00000608 FF 75 0C                        	PUSH	DWORD [12+EBP]
   684 0000060B FF 75 08                        	PUSH	DWORD [8+EBP]
   685 0000060E E8 FFFFFDA5                     	CALL	_putfont32
   686 00000613 83 C4 1C                        	ADD	ESP,28
   687 00000616 EB 87                           	JMP	L152
   688 00000618                                 L159:
   689 00000618 80 3F 00                        	CMP	BYTE [EDI],0
   690 0000061B 0F 84 FFFFFF46                  	JE	L134
   691 00000621                                 L143:
   692 00000621 8B 55 EC                        	MOV	EDX,DWORD [-20+EBP]
   693 00000624 8A 82 000000BD                  	MOV	AL,BYTE [189+EDX]
   694 0000062A 84 C0                           	TEST	AL,AL
   695 0000062C 75 46                           	JNE	L139
   696 0000062E 8A 17                           	MOV	DL,BYTE [EDI]
   697 00000630 8D 42 7F                        	LEA	EAX,DWORD [127+EDX]
   698 00000633 3C 7D                           	CMP	AL,125
   699 00000635 77 18                           	JA	L140
   700 00000637 8B 4D EC                        	MOV	ECX,DWORD [-20+EBP]
   701 0000063A 88 91 000000BD                  	MOV	BYTE [189+ECX],DL
   702 00000640                                 L142:
   703 00000640 83 45 10 08                     	ADD	DWORD [16+EBP],8
   704 00000644 47                              	INC	EDI
   705 00000645 80 3F 00                        	CMP	BYTE [EDI],0
   706 00000648 75 D7                           	JNE	L143
   707 0000064A E9 FFFFFF18                     	JMP	L134
   708 0000064F                                 L140:
   709 0000064F 0F B6 C2                        	MOVZX	EAX,DL
   710 00000652 C1 E0 04                        	SAL	EAX,4
   711 00000655 03 45 E8                        	ADD	EAX,DWORD [-24+EBP]
   712 00000658 50                              	PUSH	EAX
   713 00000659 0F BE 45 F3                     	MOVSX	EAX,BYTE [-13+EBP]
   714 0000065D 50                              	PUSH	EAX
   715 0000065E FF 75 14                        	PUSH	DWORD [20+EBP]
   716 00000661 FF 75 10                        	PUSH	DWORD [16+EBP]
   717 00000664 FF 75 0C                        	PUSH	DWORD [12+EBP]
   718 00000667 FF 75 08                        	PUSH	DWORD [8+EBP]
   719 0000066A E8 FFFFFCC3                     	CALL	_putfont8
   720 0000066F 83 C4 18                        	ADD	ESP,24
   721 00000672 EB CC                           	JMP	L142
   722 00000674                                 L139:
   723 00000674 0F B6 D8                        	MOVZX	EBX,AL
   724 00000677 6B DB 5E                        	IMUL	EBX,EBX,94
   725 0000067A 0F B6 07                        	MOVZX	EAX,BYTE [EDI]
   726 0000067D 8B 55 EC                        	MOV	EDX,DWORD [-20+EBP]
   727 00000680 8D 9C 18 FFFFC441               	LEA	EBX,DWORD [-15295+EAX+EBX*1]
   728 00000687 C6 82 000000BD 00               	MOV	BYTE [189+EDX],0
   729 0000068E C1 E3 05                        	SAL	EBX,5
   730 00000691 8B 45 10                        	MOV	EAX,DWORD [16+EBP]
   731 00000694 03 5D E8                        	ADD	EBX,DWORD [-24+EBP]
   732 00000697 83 E8 08                        	SUB	EAX,8
   733 0000069A 0F BE 75 F3                     	MOVSX	ESI,BYTE [-13+EBP]
   734 0000069E 8D 93 00001000                  	LEA	EDX,DWORD [4096+EBX]
   735 000006A4 81 C3 00001010                  	ADD	EBX,4112
   736 000006AA 52                              	PUSH	EDX
   737 000006AB 56                              	PUSH	ESI
   738 000006AC FF 75 14                        	PUSH	DWORD [20+EBP]
   739 000006AF 50                              	PUSH	EAX
   740 000006B0 FF 75 0C                        	PUSH	DWORD [12+EBP]
   741 000006B3 FF 75 08                        	PUSH	DWORD [8+EBP]
   742 000006B6 E8 FFFFFC77                     	CALL	_putfont8
   743 000006BB 53                              	PUSH	EBX
   744 000006BC 56                              	PUSH	ESI
   745 000006BD FF 75 14                        	PUSH	DWORD [20+EBP]
   746 000006C0 FF 75 10                        	PUSH	DWORD [16+EBP]
   747 000006C3 FF 75 0C                        	PUSH	DWORD [12+EBP]
   748 000006C6 FF 75 08                        	PUSH	DWORD [8+EBP]
   749 000006C9 E8 FFFFFC64                     	CALL	_putfont8
   750 000006CE 83 C4 30                        	ADD	ESP,48
   751 000006D1 E9 FFFFFF6A                     	JMP	L142
   752 000006D6                                 L158:
   753 000006D6 80 3F 00                        	CMP	BYTE [EDI],0
   754 000006D9 0F 84 FFFFFE78                  	JE	L117
   755 000006DF                                 L133:
   756 000006DF 8B 45 EC                        	MOV	EAX,DWORD [-20+EBP]
   757 000006E2 8A 90 000000BD                  	MOV	DL,BYTE [189+EAX]
   758 000006E8 84 D2                           	TEST	DL,DL
   759 000006EA 75 4D                           	JNE	L122
   760 000006EC 8A 17                           	MOV	DL,BYTE [EDI]
   761 000006EE 8D 42 7F                        	LEA	EAX,DWORD [127+EDX]
   762 000006F1 3C 1E                           	CMP	AL,30
   763 000006F3 76 07                           	JBE	L124
   764 000006F5 8D 42 20                        	LEA	EAX,DWORD [32+EDX]
   765 000006F8 3C 1C                           	CMP	AL,28
   766 000006FA 77 18                           	JA	L123
   767 000006FC                                 L124:
   768 000006FC 8B 4D EC                        	MOV	ECX,DWORD [-20+EBP]
   769 000006FF 88 91 000000BD                  	MOV	BYTE [189+ECX],DL
   770 00000705                                 L126:
   771 00000705 83 45 10 08                     	ADD	DWORD [16+EBP],8
   772 00000709 47                              	INC	EDI
   773 0000070A 80 3F 00                        	CMP	BYTE [EDI],0
   774 0000070D 75 D0                           	JNE	L133
   775 0000070F E9 FFFFFE43                     	JMP	L117
   776 00000714                                 L123:
   777 00000714 0F B6 C2                        	MOVZX	EAX,DL
   778 00000717 C1 E0 04                        	SAL	EAX,4
   779 0000071A 03 45 E8                        	ADD	EAX,DWORD [-24+EBP]
   780 0000071D 50                              	PUSH	EAX
   781 0000071E 0F BE 45 F3                     	MOVSX	EAX,BYTE [-13+EBP]
   782 00000722 50                              	PUSH	EAX
   783 00000723 FF 75 14                        	PUSH	DWORD [20+EBP]
   784 00000726 FF 75 10                        	PUSH	DWORD [16+EBP]
   785 00000729 FF 75 0C                        	PUSH	DWORD [12+EBP]
   786 0000072C FF 75 08                        	PUSH	DWORD [8+EBP]
   787 0000072F E8 FFFFFBFE                     	CALL	_putfont8
   788 00000734 83 C4 18                        	ADD	ESP,24
   789 00000737 EB CC                           	JMP	L126
   790 00000739                                 L122:
   791 00000739 8D 42 7F                        	LEA	EAX,DWORD [127+EDX]
   792 0000073C 3C 1E                           	CMP	AL,30
   793 0000073E 0F 87 0000008A                  	JA	L127
   794 00000744 0F B6 C2                        	MOVZX	EAX,DL
   795 00000747 8D 8C 00 FFFFFEFE               	LEA	ECX,DWORD [-258+EAX+EAX*1]
   796 0000074E                                 L128:
   797 0000074E 8A 17                           	MOV	DL,BYTE [EDI]
   798 00000750 8D 42 C0                        	LEA	EAX,DWORD [-64+EDX]
   799 00000753 3C 3E                           	CMP	AL,62
   800 00000755 77 5D                           	JA	L129
   801 00000757 0F B6 C2                        	MOVZX	EAX,DL
   802 0000075A 83 E8 40                        	SUB	EAX,64
   803 0000075D                                 L130:
   804 0000075D 6B D9 5E                        	IMUL	EBX,ECX,94
   805 00000760 8B 55 EC                        	MOV	EDX,DWORD [-20+EBP]
   806 00000763 01 C3                           	ADD	EBX,EAX
   807 00000765 C1 E3 05                        	SAL	EBX,5
   808 00000768 C6 82 000000BD 00               	MOV	BYTE [189+EDX],0
   809 0000076F 03 5D E8                        	ADD	EBX,DWORD [-24+EBP]
   810 00000772 8B 45 10                        	MOV	EAX,DWORD [16+EBP]
   811 00000775 0F BE 75 F3                     	MOVSX	ESI,BYTE [-13+EBP]
   812 00000779 83 E8 08                        	SUB	EAX,8
   813 0000077C 8D 93 00001000                  	LEA	EDX,DWORD [4096+EBX]
   814 00000782 81 C3 00001010                  	ADD	EBX,4112
   815 00000788 52                              	PUSH	EDX
   816 00000789 56                              	PUSH	ESI
   817 0000078A FF 75 14                        	PUSH	DWORD [20+EBP]
   818 0000078D 50                              	PUSH	EAX
   819 0000078E FF 75 0C                        	PUSH	DWORD [12+EBP]
   820 00000791 FF 75 08                        	PUSH	DWORD [8+EBP]
   821 00000794 E8 FFFFFB99                     	CALL	_putfont8
   822 00000799 53                              	PUSH	EBX
   823 0000079A 56                              	PUSH	ESI
   824 0000079B FF 75 14                        	PUSH	DWORD [20+EBP]
   825 0000079E FF 75 10                        	PUSH	DWORD [16+EBP]
   826 000007A1 FF 75 0C                        	PUSH	DWORD [12+EBP]
   827 000007A4 FF 75 08                        	PUSH	DWORD [8+EBP]
   828 000007A7 E8 FFFFFB86                     	CALL	_putfont8
   829 000007AC 83 C4 30                        	ADD	ESP,48
   830 000007AF E9 FFFFFF51                     	JMP	L126
   831 000007B4                                 L129:
   832 000007B4 8D 42 80                        	LEA	EAX,DWORD [-128+EDX]
   833 000007B7 3C 1E                           	CMP	AL,30
   834 000007B9 77 08                           	JA	L131
   835 000007BB 0F B6 C2                        	MOVZX	EAX,DL
   836 000007BE 83 E8 41                        	SUB	EAX,65
   837 000007C1 EB 9A                           	JMP	L130
   838 000007C3                                 L131:
   839 000007C3 0F B6 C2                        	MOVZX	EAX,DL
   840 000007C6 2D 0000009F                     	SUB	EAX,159
   841 000007CB 41                              	INC	ECX
   842 000007CC EB 8F                           	JMP	L130
   843 000007CE                                 L127:
   844 000007CE 0F B6 C2                        	MOVZX	EAX,DL
   845 000007D1 8D 8C 00 FFFFFE7E               	LEA	ECX,DWORD [-386+EAX+EAX*1]
   846 000007D8 E9 FFFFFF71                     	JMP	L128
   847 000007DD                                 L116:
   848 000007DD 0F B6 07                        	MOVZX	EAX,BYTE [EDI]
   849 000007E0 C1 E0 04                        	SAL	EAX,4
   850 000007E3 47                              	INC	EDI
   851 000007E4 05 [00000000]                   	ADD	EAX,_hankaku
   852 000007E9 50                              	PUSH	EAX
   853 000007EA 0F BE 45 F3                     	MOVSX	EAX,BYTE [-13+EBP]
   854 000007EE 50                              	PUSH	EAX
   855 000007EF FF 75 14                        	PUSH	DWORD [20+EBP]
   856 000007F2 FF 75 10                        	PUSH	DWORD [16+EBP]
   857 000007F5 FF 75 0C                        	PUSH	DWORD [12+EBP]
   858 000007F8 FF 75 08                        	PUSH	DWORD [8+EBP]
   859 000007FB E8 FFFFFB32                     	CALL	_putfont8
   860 00000800 83 C4 18                        	ADD	ESP,24
   861 00000803 83 45 10 08                     	ADD	DWORD [16+EBP],8
   862 00000807 80 3F 00                        	CMP	BYTE [EDI],0
   863 0000080A 75 D1                           	JNE	L116
   864 0000080C E9 FFFFFD36                     	JMP	L111
   865                                          [SECTION .data]
   866 00000030                                 _cursor.1:
   867 00000030 2A 2E 2E 2E 2E 2E 2E 2E 2E 2E   	DB	"*..............."
       0000003A 2E 2E 2E 2E 2E 2E 
   868 00000040 2A 2A 2E 2E 2E 2E 2E 2E 2E 2E   	DB	"**.............."
       0000004A 2E 2E 2E 2E 2E 2E 
   869 00000050 2A 4F 2A 2E 2E 2E 2E 2E 2E 2E   	DB	"*O*............."
       0000005A 2E 2E 2E 2E 2E 2E 
   870 00000060 2A 4F 4F 2A 2E 2E 2E 2E 2E 2E   	DB	"*OO*............"
       0000006A 2E 2E 2E 2E 2E 2E 
   871 00000070 2A 4F 4F 4F 2A 2E 2E 2E 2E 2E   	DB	"*OOO*..........."
       0000007A 2E 2E 2E 2E 2E 2E 
   872 00000080 2A 4F 4F 4F 4F 2A 2E 2E 2E 2E   	DB	"*OOOO*.........."
       0000008A 2E 2E 2E 2E 2E 2E 
   873 00000090 2A 4F 4F 4F 4F 4F 2A 2E 2E 2E   	DB	"*OOOOO*........."
       0000009A 2E 2E 2E 2E 2E 2E 
   874 000000A0 2A 4F 4F 4F 4F 4F 4F 2A 2E 2E   	DB	"*OOOOOO*........"
       000000AA 2E 2E 2E 2E 2E 2E 
   875 000000B0 2A 4F 4F 4F 4F 4F 4F 4F 2A 2E   	DB	"*OOOOOOO*......."
       000000BA 2E 2E 2E 2E 2E 2E 
   876 000000C0 2A 4F 4F 4F 4F 2A 2A 2A 2A 2A   	DB	"*OOOO*****......"
       000000CA 2E 2E 2E 2E 2E 2E 
   877 000000D0 2A 4F 4F 2A 4F 2A 2E 2E 2E 2E   	DB	"*OO*O*.........."
       000000DA 2E 2E 2E 2E 2E 2E 
   878 000000E0 2A 4F 2A 2E 2A 4F 2A 2E 2E 2E   	DB	"*O*.*O*........."
       000000EA 2E 2E 2E 2E 2E 2E 
   879 000000F0 2A 2A 2E 2E 2A 4F 2A 2E 2E 2E   	DB	"**..*O*........."
       000000FA 2E 2E 2E 2E 2E 2E 
   880 00000100 2A 2E 2E 2E 2E 2A 4F 2A 2E 2E   	DB	"*....*O*........"
       0000010A 2E 2E 2E 2E 2E 2E 
   881 00000110 2E 2E 2E 2E 2E 2A 4F 2A 2E 2E   	DB	".....*O*........"
       0000011A 2E 2E 2E 2E 2E 2E 
   882 00000120 2E 2E 2E 2E 2E 2E 2A 2E 2E 2E   	DB	"......*........."
       0000012A 2E 2E 2E 2E 2E 2E 
   883                                          [SECTION .text]
   884 00000811                                 	GLOBAL	_init_mouse_cursor8
   885 00000811                                 _init_mouse_cursor8:
   886 00000811 55                              	PUSH	EBP
   887 00000812 89 E5                           	MOV	EBP,ESP
   888 00000814 57                              	PUSH	EDI
   889 00000815 56                              	PUSH	ESI
   890 00000816 31 FF                           	XOR	EDI,EDI
   891 00000818 53                              	PUSH	EBX
   892 00000819 31 DB                           	XOR	EBX,EBX
   893 0000081B 50                              	PUSH	EAX
   894 0000081C 8A 45 0C                        	MOV	AL,BYTE [12+EBP]
   895 0000081F 8B 75 08                        	MOV	ESI,DWORD [8+EBP]
   896 00000822 88 45 F3                        	MOV	BYTE [-13+EBP],AL
   897 00000825                                 L174:
   898 00000825 31 D2                           	XOR	EDX,EDX
   899 00000827                                 L173:
   900 00000827 8D 04 3A                        	LEA	EAX,DWORD [EDX+EDI*1]
   901 0000082A 80 B8 [00000030] 2A             	CMP	BYTE [_cursor.1+EAX],42
   902 00000831 74 35                           	JE	L179
   903 00000833                                 L170:
   904 00000833 80 B8 [00000030] 4F             	CMP	BYTE [_cursor.1+EAX],79
   905 0000083A 74 26                           	JE	L180
   906 0000083C                                 L171:
   907 0000083C 80 B8 [00000030] 2E             	CMP	BYTE [_cursor.1+EAX],46
   908 00000843 74 15                           	JE	L181
   909 00000845                                 L168:
   910 00000845 42                              	INC	EDX
   911 00000846 83 FA 0F                        	CMP	EDX,15
   912 00000849 7E DC                           	JLE	L173
   913 0000084B 43                              	INC	EBX
   914 0000084C 83 C7 10                        	ADD	EDI,16
   915 0000084F 83 FB 0F                        	CMP	EBX,15
   916 00000852 7E D1                           	JLE	L174
   917 00000854 58                              	POP	EAX
   918 00000855 5B                              	POP	EBX
   919 00000856 5E                              	POP	ESI
   920 00000857 5F                              	POP	EDI
   921 00000858 5D                              	POP	EBP
   922 00000859 C3                              	RET
   923 0000085A                                 L181:
   924 0000085A 8A 4D F3                        	MOV	CL,BYTE [-13+EBP]
   925 0000085D 88 0C 30                        	MOV	BYTE [EAX+ESI*1],CL
   926 00000860 EB E3                           	JMP	L168
   927 00000862                                 L180:
   928 00000862 C6 04 30 07                     	MOV	BYTE [EAX+ESI*1],7
   929 00000866 EB D4                           	JMP	L171
   930 00000868                                 L179:
   931 00000868 C6 04 30 00                     	MOV	BYTE [EAX+ESI*1],0
   932 0000086C EB C5                           	JMP	L170
   933 0000086E                                 	GLOBAL	_putblock8_8
   934 0000086E                                 _putblock8_8:
   935 0000086E 55                              	PUSH	EBP
   936 0000086F 89 E5                           	MOV	EBP,ESP
   937 00000871 57                              	PUSH	EDI
   938 00000872 56                              	PUSH	ESI
   939 00000873 31 F6                           	XOR	ESI,ESI
   940 00000875 53                              	PUSH	EBX
   941 00000876 83 EC 0C                        	SUB	ESP,12
   942 00000879 3B 75 14                        	CMP	ESI,DWORD [20+EBP]
   943 0000087C 7D 3E                           	JGE	L194
   944 0000087E 31 FF                           	XOR	EDI,EDI
   945 00000880                                 L192:
   946 00000880 31 DB                           	XOR	EBX,EBX
   947 00000882 3B 5D 10                        	CMP	EBX,DWORD [16+EBP]
   948 00000885 7D 2C                           	JGE	L196
   949 00000887 8B 45 20                        	MOV	EAX,DWORD [32+EBP]
   950 0000088A 01 F8                           	ADD	EAX,EDI
   951 0000088C 89 45 EC                        	MOV	DWORD [-20+EBP],EAX
   952 0000088F                                 L191:
   953 0000088F 8B 45 1C                        	MOV	EAX,DWORD [28+EBP]
   954 00000892 8B 55 18                        	MOV	EDX,DWORD [24+EBP]
   955 00000895 01 F0                           	ADD	EAX,ESI
   956 00000897 01 DA                           	ADD	EDX,EBX
   957 00000899 0F AF 45 0C                     	IMUL	EAX,DWORD [12+EBP]
   958 0000089D 01 D0                           	ADD	EAX,EDX
   959 0000089F 8B 4D 08                        	MOV	ECX,DWORD [8+EBP]
   960 000008A2 8B 55 EC                        	MOV	EDX,DWORD [-20+EBP]
   961 000008A5 43                              	INC	EBX
   962 000008A6 8A 12                           	MOV	DL,BYTE [EDX]
   963 000008A8 88 14 08                        	MOV	BYTE [EAX+ECX*1],DL
   964 000008AB FF 45 EC                        	INC	DWORD [-20+EBP]
   965 000008AE 3B 5D 10                        	CMP	EBX,DWORD [16+EBP]
   966 000008B1 7C DC                           	JL	L191
   967 000008B3                                 L196:
   968 000008B3 46                              	INC	ESI
   969 000008B4 03 7D 24                        	ADD	EDI,DWORD [36+EBP]
   970 000008B7 3B 75 14                        	CMP	ESI,DWORD [20+EBP]
   971 000008BA 7C C4                           	JL	L192
   972 000008BC                                 L194:
   973 000008BC 83 C4 0C                        	ADD	ESP,12
   974 000008BF 5B                              	POP	EBX
   975 000008C0 5E                              	POP	ESI
   976 000008C1 5F                              	POP	EDI
   977 000008C2 5D                              	POP	EBP
   978 000008C3 C3                              	RET
